{"C:\\Users\\John\\Documents\\Code\\tabletop-army-manager\\src\\App.js": {"path":"C:\\Users\\John\\Documents\\Code\\tabletop-army-manager\\src\\App.js","statementMap":{"0":{"start":{"line":9,"column":26},"end":{"line":9,"column":40}},"1":{"start":{"line":10,"column":32},"end":{"line":10,"column":46}},"2":{"start":{"line":11,"column":40},"end":{"line":11,"column":61}},"3":{"start":{"line":12,"column":44},"end":{"line":12,"column":58}},"4":{"start":{"line":14,"column":2},"end":{"line":21,"column":9}},"5":{"start":{"line":15,"column":24},"end":{"line":18,"column":6}},"6":{"start":{"line":16,"column":6},"end":{"line":16,"column":20}},"7":{"start":{"line":17,"column":6},"end":{"line":17,"column":24}},"8":{"start":{"line":20,"column":4},"end":{"line":20,"column":31}},"9":{"start":{"line":20,"column":17},"end":{"line":20,"column":30}},"10":{"start":{"line":23,"column":23},"end":{"line":29,"column":3}},"11":{"start":{"line":24,"column":4},"end":{"line":28,"column":5}},"12":{"start":{"line":25,"column":6},"end":{"line":25,"column":31}},"13":{"start":{"line":27,"column":6},"end":{"line":27,"column":46}},"14":{"start":{"line":31,"column":24},"end":{"line":39,"column":3}},"15":{"start":{"line":32,"column":4},"end":{"line":38,"column":5}},"16":{"start":{"line":33,"column":6},"end":{"line":33,"column":26}},"17":{"start":{"line":34,"column":6},"end":{"line":34,"column":34}},"18":{"start":{"line":35,"column":6},"end":{"line":35,"column":29}},"19":{"start":{"line":37,"column":6},"end":{"line":37,"column":47}},"20":{"start":{"line":41,"column":19},"end":{"line":44,"column":3}},"21":{"start":{"line":42,"column":4},"end":{"line":42,"column":29}},"22":{"start":{"line":43,"column":4},"end":{"line":43,"column":27}},"23":{"start":{"line":46,"column":2},"end":{"line":52,"column":3}},"24":{"start":{"line":47,"column":4},"end":{"line":51,"column":6}},"25":{"start":{"line":54,"column":2},"end":{"line":66,"column":3}},"26":{"start":{"line":55,"column":4},"end":{"line":65,"column":6}},"27":{"start":{"line":68,"column":2},"end":{"line":106,"column":4}},"28":{"start":{"line":82,"column":25},"end":{"line":82,"column":52}},"29":{"start":{"line":89,"column":27},"end":{"line":89,"column":49}}},"fnMap":{"0":{"name":"App","decl":{"start":{"line":8,"column":9},"end":{"line":8,"column":12}},"loc":{"start":{"line":8,"column":15},"end":{"line":107,"column":1}},"line":8},"1":{"name":"(anonymous_1)","decl":{"start":{"line":14,"column":12},"end":{"line":14,"column":13}},"loc":{"start":{"line":14,"column":18},"end":{"line":21,"column":3}},"line":14},"2":{"name":"(anonymous_2)","decl":{"start":{"line":15,"column":42},"end":{"line":15,"column":43}},"loc":{"start":{"line":15,"column":52},"end":{"line":18,"column":5}},"line":15},"3":{"name":"(anonymous_3)","decl":{"start":{"line":20,"column":11},"end":{"line":20,"column":12}},"loc":{"start":{"line":20,"column":17},"end":{"line":20,"column":30}},"line":20},"4":{"name":"(anonymous_4)","decl":{"start":{"line":23,"column":23},"end":{"line":23,"column":24}},"loc":{"start":{"line":23,"column":35},"end":{"line":29,"column":3}},"line":23},"5":{"name":"(anonymous_5)","decl":{"start":{"line":31,"column":24},"end":{"line":31,"column":25}},"loc":{"start":{"line":31,"column":36},"end":{"line":39,"column":3}},"line":31},"6":{"name":"(anonymous_6)","decl":{"start":{"line":41,"column":19},"end":{"line":41,"column":20}},"loc":{"start":{"line":41,"column":31},"end":{"line":44,"column":3}},"line":41},"7":{"name":"(anonymous_7)","decl":{"start":{"line":82,"column":19},"end":{"line":82,"column":20}},"loc":{"start":{"line":82,"column":25},"end":{"line":82,"column":52}},"line":82},"8":{"name":"(anonymous_8)","decl":{"start":{"line":89,"column":21},"end":{"line":89,"column":22}},"loc":{"start":{"line":89,"column":27},"end":{"line":89,"column":49}},"line":89}},"branchMap":{"0":{"loc":{"start":{"line":46,"column":2},"end":{"line":52,"column":3}},"type":"if","locations":[{"start":{"line":46,"column":2},"end":{"line":52,"column":3}},{"start":{},"end":{}}],"line":46},"1":{"loc":{"start":{"line":54,"column":2},"end":{"line":66,"column":3}},"type":"if","locations":[{"start":{"line":54,"column":2},"end":{"line":66,"column":3}},{"start":{},"end":{}}],"line":54},"2":{"loc":{"start":{"line":83,"column":21},"end":{"line":83,"column":64}},"type":"cond-expr","locations":[{"start":{"line":83,"column":51},"end":{"line":83,"column":59}},{"start":{"line":83,"column":62},"end":{"line":83,"column":64}}],"line":83},"3":{"loc":{"start":{"line":87,"column":9},"end":{"line":94,"column":9}},"type":"binary-expr","locations":[{"start":{"line":87,"column":9},"end":{"line":87,"column":22}},{"start":{"line":88,"column":10},"end":{"line":93,"column":19}}],"line":87},"4":{"loc":{"start":{"line":90,"column":23},"end":{"line":90,"column":61}},"type":"cond-expr","locations":[{"start":{"line":90,"column":48},"end":{"line":90,"column":56}},{"start":{"line":90,"column":59},"end":{"line":90,"column":61}}],"line":90},"5":{"loc":{"start":{"line":98,"column":9},"end":{"line":100,"column":9}},"type":"binary-expr","locations":[{"start":{"line":98,"column":9},"end":{"line":98,"column":36}},{"start":{"line":99,"column":10},"end":{"line":99,"column":61}}],"line":98},"6":{"loc":{"start":{"line":101,"column":9},"end":{"line":103,"column":9}},"type":"binary-expr","locations":[{"start":{"line":101,"column":9},"end":{"line":101,"column":31}},{"start":{"line":101,"column":35},"end":{"line":101,"column":48}},{"start":{"line":102,"column":10},"end":{"line":102,"column":60}}],"line":101}},"s":{"0":0,"1":0,"2":0,"3":0,"4":0,"5":0,"6":0,"7":0,"8":0,"9":0,"10":0,"11":0,"12":0,"13":0,"14":0,"15":0,"16":0,"17":0,"18":0,"19":0,"20":0,"21":0,"22":0,"23":0,"24":0,"25":0,"26":0,"27":0,"28":0,"29":0},"f":{"0":0,"1":0,"2":0,"3":0,"4":0,"5":0,"6":0,"7":0,"8":0},"b":{"0":[0,0],"1":[0,0],"2":[0,0],"3":[0,0],"4":[0,0],"5":[0,0],"6":[0,0,0]}}
,"C:\\Users\\John\\Documents\\Code\\tabletop-army-manager\\src\\index.js": {"path":"C:\\Users\\John\\Documents\\Code\\tabletop-army-manager\\src\\index.js","statementMap":{"0":{"start":{"line":6,"column":13},"end":{"line":6,"column":65}},"1":{"start":{"line":7,"column":0},"end":{"line":11,"column":2}}},"fnMap":{},"branchMap":{},"s":{"0":0,"1":0},"f":{},"b":{}}
,"C:\\Users\\John\\Documents\\Code\\tabletop-army-manager\\src\\components\\ArmyManager.js": {"path":"C:\\Users\\John\\Documents\\Code\\tabletop-army-manager\\src\\components\\ArmyManager.js","statementMap":{"0":{"start":{"line":5,"column":20},"end":{"line":386,"column":1}},"1":{"start":{"line":6,"column":30},"end":{"line":6,"column":42}},"2":{"start":{"line":7,"column":32},"end":{"line":7,"column":46}},"3":{"start":{"line":8,"column":46},"end":{"line":8,"column":61}},"4":{"start":{"line":9,"column":30},"end":{"line":9,"column":42}},"5":{"start":{"line":10,"column":40},"end":{"line":10,"column":52}},"6":{"start":{"line":12,"column":2},"end":{"line":14,"column":13}},"7":{"start":{"line":13,"column":4},"end":{"line":13,"column":21}},"8":{"start":{"line":16,"column":25},"end":{"line":25,"column":3}},"9":{"start":{"line":17,"column":4},"end":{"line":24,"column":5}},"10":{"start":{"line":18,"column":25},"end":{"line":18,"column":54}},"11":{"start":{"line":19,"column":6},"end":{"line":19,"column":28}},"12":{"start":{"line":21,"column":6},"end":{"line":21,"column":53}},"13":{"start":{"line":23,"column":6},"end":{"line":23,"column":24}},"14":{"start":{"line":27,"column":27},"end":{"line":50,"column":3}},"15":{"start":{"line":28,"column":17},"end":{"line":28,"column":38}},"16":{"start":{"line":29,"column":4},"end":{"line":29,"column":22}},"17":{"start":{"line":29,"column":15},"end":{"line":29,"column":22}},"18":{"start":{"line":31,"column":4},"end":{"line":31,"column":23}},"19":{"start":{"line":33,"column":4},"end":{"line":49,"column":5}},"20":{"start":{"line":34,"column":19},"end":{"line":34,"column":36}},"21":{"start":{"line":35,"column":23},"end":{"line":35,"column":39}},"22":{"start":{"line":38,"column":25},"end":{"line":38,"column":48}},"23":{"start":{"line":41,"column":6},"end":{"line":41,"column":45}},"24":{"start":{"line":42,"column":6},"end":{"line":42,"column":23}},"25":{"start":{"line":45,"column":6},"end":{"line":45,"column":30}},"26":{"start":{"line":47,"column":6},"end":{"line":47,"column":53}},"27":{"start":{"line":48,"column":6},"end":{"line":48,"column":98}},"28":{"start":{"line":52,"column":27},"end":{"line":87,"column":3}},"29":{"start":{"line":54,"column":23},"end":{"line":79,"column":5}},"30":{"start":{"line":81,"column":4},"end":{"line":86,"column":5}},"31":{"start":{"line":82,"column":6},"end":{"line":82,"column":45}},"32":{"start":{"line":83,"column":6},"end":{"line":83,"column":23}},"33":{"start":{"line":85,"column":6},"end":{"line":85,"column":53}},"34":{"start":{"line":89,"column":27},"end":{"line":110,"column":3}},"35":{"start":{"line":90,"column":4},"end":{"line":109,"column":5}},"36":{"start":{"line":91,"column":23},"end":{"line":103,"column":7}},"37":{"start":{"line":105,"column":24},"end":{"line":105,"column":50}},"38":{"start":{"line":106,"column":6},"end":{"line":106,"column":28}},"39":{"start":{"line":108,"column":6},"end":{"line":108,"column":53}},"40":{"start":{"line":112,"column":25},"end":{"line":127,"column":3}},"41":{"start":{"line":113,"column":4},"end":{"line":113,"column":31}},"42":{"start":{"line":113,"column":24},"end":{"line":113,"column":31}},"43":{"start":{"line":115,"column":4},"end":{"line":126,"column":5}},"44":{"start":{"line":117,"column":21},"end":{"line":117,"column":60}},"45":{"start":{"line":118,"column":6},"end":{"line":123,"column":7}},"46":{"start":{"line":119,"column":8},"end":{"line":119,"column":49}},"47":{"start":{"line":120,"column":8},"end":{"line":120,"column":27}},"48":{"start":{"line":122,"column":8},"end":{"line":122,"column":59}},"49":{"start":{"line":125,"column":6},"end":{"line":125,"column":51}},"50":{"start":{"line":129,"column":2},"end":{"line":131,"column":3}},"51":{"start":{"line":130,"column":4},"end":{"line":130,"column":40}},"52":{"start":{"line":133,"column":2},"end":{"line":385,"column":4}},"53":{"start":{"line":167,"column":12},"end":{"line":179,"column":18}},"54":{"start":{"line":173,"column":33},"end":{"line":173,"column":58}},"55":{"start":{"line":191,"column":29},"end":{"line":191,"column":54}}},"fnMap":{"0":{"name":"(anonymous_0)","decl":{"start":{"line":5,"column":20},"end":{"line":5,"column":21}},"loc":{"start":{"line":5,"column":46},"end":{"line":386,"column":1}},"line":5},"1":{"name":"(anonymous_1)","decl":{"start":{"line":12,"column":12},"end":{"line":12,"column":13}},"loc":{"start":{"line":12,"column":18},"end":{"line":14,"column":3}},"line":12},"2":{"name":"(anonymous_2)","decl":{"start":{"line":16,"column":25},"end":{"line":16,"column":26}},"loc":{"start":{"line":16,"column":37},"end":{"line":25,"column":3}},"line":16},"3":{"name":"(anonymous_3)","decl":{"start":{"line":27,"column":27},"end":{"line":27,"column":28}},"loc":{"start":{"line":27,"column":44},"end":{"line":50,"column":3}},"line":27},"4":{"name":"(anonymous_4)","decl":{"start":{"line":52,"column":27},"end":{"line":52,"column":28}},"loc":{"start":{"line":52,"column":39},"end":{"line":87,"column":3}},"line":52},"5":{"name":"(anonymous_5)","decl":{"start":{"line":89,"column":27},"end":{"line":89,"column":28}},"loc":{"start":{"line":89,"column":53},"end":{"line":110,"column":3}},"line":89},"6":{"name":"(anonymous_6)","decl":{"start":{"line":112,"column":25},"end":{"line":112,"column":26}},"loc":{"start":{"line":112,"column":37},"end":{"line":127,"column":3}},"line":112},"7":{"name":"(anonymous_7)","decl":{"start":{"line":166,"column":21},"end":{"line":166,"column":22}},"loc":{"start":{"line":167,"column":12},"end":{"line":179,"column":18}},"line":167},"8":{"name":"(anonymous_8)","decl":{"start":{"line":173,"column":27},"end":{"line":173,"column":28}},"loc":{"start":{"line":173,"column":33},"end":{"line":173,"column":58}},"line":173},"9":{"name":"(anonymous_9)","decl":{"start":{"line":191,"column":22},"end":{"line":191,"column":23}},"loc":{"start":{"line":191,"column":29},"end":{"line":191,"column":54}},"line":191}},"branchMap":{"0":{"loc":{"start":{"line":29,"column":4},"end":{"line":29,"column":22}},"type":"if","locations":[{"start":{"line":29,"column":4},"end":{"line":29,"column":22}},{"start":{},"end":{}}],"line":29},"1":{"loc":{"start":{"line":48,"column":21},"end":{"line":48,"column":96}},"type":"binary-expr","locations":[{"start":{"line":48,"column":21},"end":{"line":48,"column":34}},{"start":{"line":48,"column":38},"end":{"line":48,"column":96}}],"line":48},"2":{"loc":{"start":{"line":113,"column":4},"end":{"line":113,"column":31}},"type":"if","locations":[{"start":{"line":113,"column":4},"end":{"line":113,"column":31}},{"start":{},"end":{}}],"line":113},"3":{"loc":{"start":{"line":117,"column":21},"end":{"line":117,"column":60}},"type":"cond-expr","locations":[{"start":{"line":117,"column":41},"end":{"line":117,"column":53}},{"start":{"line":117,"column":56},"end":{"line":117,"column":60}}],"line":117},"4":{"loc":{"start":{"line":118,"column":6},"end":{"line":123,"column":7}},"type":"if","locations":[{"start":{"line":118,"column":6},"end":{"line":123,"column":7}},{"start":{"line":121,"column":13},"end":{"line":123,"column":7}}],"line":118},"5":{"loc":{"start":{"line":129,"column":2},"end":{"line":131,"column":3}},"type":"if","locations":[{"start":{"line":129,"column":2},"end":{"line":131,"column":3}},{"start":{},"end":{}}],"line":129},"6":{"loc":{"start":{"line":154,"column":7},"end":{"line":158,"column":7}},"type":"binary-expr","locations":[{"start":{"line":154,"column":7},"end":{"line":154,"column":18}},{"start":{"line":155,"column":8},"end":{"line":157,"column":14}}],"line":154},"7":{"loc":{"start":{"line":161,"column":9},"end":{"line":181,"column":9}},"type":"cond-expr","locations":[{"start":{"line":162,"column":10},"end":{"line":164,"column":16}},{"start":{"line":166,"column":10},"end":{"line":180,"column":12}}],"line":161},"8":{"loc":{"start":{"line":170,"column":42},"end":{"line":170,"column":65}},"type":"binary-expr","locations":[{"start":{"line":170,"column":42},"end":{"line":170,"column":60}},{"start":{"line":170,"column":64},"end":{"line":170,"column":65}}],"line":170}},"s":{"0":0,"1":0,"2":0,"3":0,"4":0,"5":0,"6":0,"7":0,"8":0,"9":0,"10":0,"11":0,"12":0,"13":0,"14":0,"15":0,"16":0,"17":0,"18":0,"19":0,"20":0,"21":0,"22":0,"23":0,"24":0,"25":0,"26":0,"27":0,"28":0,"29":0,"30":0,"31":0,"32":0,"33":0,"34":0,"35":0,"36":0,"37":0,"38":0,"39":0,"40":0,"41":0,"42":0,"43":0,"44":0,"45":0,"46":0,"47":0,"48":0,"49":0,"50":0,"51":0,"52":0,"53":0,"54":0,"55":0},"f":{"0":0,"1":0,"2":0,"3":0,"4":0,"5":0,"6":0,"7":0,"8":0,"9":0},"b":{"0":[0,0],"1":[0,0],"2":[0,0],"3":[0,0],"4":[0,0],"5":[0,0],"6":[0,0],"7":[0,0],"8":[0,0]}}
,"C:\\Users\\John\\Documents\\Code\\tabletop-army-manager\\src\\components\\ConfirmDialog.js": {"path":"C:\\Users\\John\\Documents\\Code\\tabletop-army-manager\\src\\components\\ConfirmDialog.js","statementMap":{"0":{"start":{"line":3,"column":22},"end":{"line":130,"column":1}},"1":{"start":{"line":4,"column":2},"end":{"line":4,"column":27}},"2":{"start":{"line":4,"column":15},"end":{"line":4,"column":27}},"3":{"start":{"line":6,"column":2},"end":{"line":129,"column":4}},"4":{"start":{"line":8,"column":54},"end":{"line":8,"column":73}}},"fnMap":{"0":{"name":"(anonymous_0)","decl":{"start":{"line":3,"column":22},"end":{"line":3,"column":23}},"loc":{"start":{"line":3,"column":145},"end":{"line":130,"column":1}},"line":3},"1":{"name":"(anonymous_1)","decl":{"start":{"line":8,"column":47},"end":{"line":8,"column":48}},"loc":{"start":{"line":8,"column":54},"end":{"line":8,"column":73}},"line":8}},"branchMap":{"0":{"loc":{"start":{"line":3,"column":70},"end":{"line":3,"column":92}},"type":"default-arg","locations":[{"start":{"line":3,"column":84},"end":{"line":3,"column":92}}],"line":3},"1":{"loc":{"start":{"line":3,"column":94},"end":{"line":3,"column":115}},"type":"default-arg","locations":[{"start":{"line":3,"column":107},"end":{"line":3,"column":115}}],"line":3},"2":{"loc":{"start":{"line":3,"column":117},"end":{"line":3,"column":138}},"type":"default-arg","locations":[{"start":{"line":3,"column":133},"end":{"line":3,"column":138}}],"line":3},"3":{"loc":{"start":{"line":4,"column":2},"end":{"line":4,"column":27}},"type":"if","locations":[{"start":{"line":4,"column":2},"end":{"line":4,"column":27}},{"start":{},"end":{}}],"line":4},"4":{"loc":{"start":{"line":23,"column":38},"end":{"line":23,"column":72}},"type":"cond-expr","locations":[{"start":{"line":23,"column":54},"end":{"line":23,"column":67}},{"start":{"line":23,"column":70},"end":{"line":23,"column":72}}],"line":23}},"s":{"0":1,"1":22,"2":2,"3":20,"4":7},"f":{"0":22,"1":7},"b":{"0":[20],"1":[21],"2":[19],"3":[2,20],"4":[2,18]},"_coverageSchema":"1a1c01bbd47fc00a2c39e90264f33305004495a9","hash":"c3d9ab713be4d7cd81e84438b25a10258621b6a4"}
,"C:\\Users\\John\\Documents\\Code\\tabletop-army-manager\\src\\components\\GameDashboard.js": {"path":"C:\\Users\\John\\Documents\\Code\\tabletop-army-manager\\src\\components\\GameDashboard.js","statementMap":{"0":{"start":{"line":6,"column":22},"end":{"line":593,"column":1}},"1":{"start":{"line":7,"column":40},"end":{"line":7,"column":52}},"2":{"start":{"line":8,"column":32},"end":{"line":8,"column":46}},"3":{"start":{"line":9,"column":46},"end":{"line":9,"column":61}},"4":{"start":{"line":10,"column":30},"end":{"line":10,"column":42}},"5":{"start":{"line":11,"column":40},"end":{"line":11,"column":52}},"6":{"start":{"line":12,"column":34},"end":{"line":12,"column":48}},"7":{"start":{"line":13,"column":34},"end":{"line":13,"column":46}},"8":{"start":{"line":14,"column":44},"end":{"line":14,"column":99}},"9":{"start":{"line":16,"column":2},"end":{"line":18,"column":13}},"10":{"start":{"line":17,"column":4},"end":{"line":17,"column":20}},"11":{"start":{"line":20,"column":24},"end":{"line":33,"column":3}},"12":{"start":{"line":21,"column":4},"end":{"line":32,"column":5}},"13":{"start":{"line":22,"column":24},"end":{"line":22,"column":52}},"14":{"start":{"line":24,"column":26},"end":{"line":26,"column":7}},"15":{"start":{"line":25,"column":8},"end":{"line":25,"column":53}},"16":{"start":{"line":27,"column":6},"end":{"line":27,"column":34}},"17":{"start":{"line":29,"column":6},"end":{"line":29,"column":52}},"18":{"start":{"line":31,"column":6},"end":{"line":31,"column":24}},"19":{"start":{"line":35,"column":27},"end":{"line":41,"column":3}},"20":{"start":{"line":36,"column":17},"end":{"line":36,"column":38}},"21":{"start":{"line":37,"column":4},"end":{"line":37,"column":22}},"22":{"start":{"line":37,"column":15},"end":{"line":37,"column":22}},"23":{"start":{"line":39,"column":4},"end":{"line":39,"column":23}},"24":{"start":{"line":40,"column":4},"end":{"line":40,"column":22}},"25":{"start":{"line":43,"column":27},"end":{"line":93,"column":3}},"26":{"start":{"line":44,"column":4},"end":{"line":47,"column":5}},"27":{"start":{"line":45,"column":6},"end":{"line":45,"column":75}},"28":{"start":{"line":46,"column":6},"end":{"line":46,"column":13}},"29":{"start":{"line":49,"column":4},"end":{"line":92,"column":5}},"30":{"start":{"line":50,"column":19},"end":{"line":50,"column":40}},"31":{"start":{"line":51,"column":23},"end":{"line":51,"column":39}},"32":{"start":{"line":54,"column":25},"end":{"line":54,"column":48}},"33":{"start":{"line":57,"column":23},"end":{"line":77,"column":7}},"34":{"start":{"line":79,"column":24},"end":{"line":79,"column":50}},"35":{"start":{"line":82,"column":6},"end":{"line":82,"column":22}},"36":{"start":{"line":83,"column":6},"end":{"line":83,"column":24}},"37":{"start":{"line":84,"column":6},"end":{"line":84,"column":31}},"38":{"start":{"line":85,"column":6},"end":{"line":85,"column":60}},"39":{"start":{"line":88,"column":6},"end":{"line":88,"column":28}},"40":{"start":{"line":90,"column":6},"end":{"line":90,"column":53}},"41":{"start":{"line":91,"column":6},"end":{"line":91,"column":99}},"42":{"start":{"line":95,"column":25},"end":{"line":107,"column":3}},"43":{"start":{"line":96,"column":4},"end":{"line":96,"column":31}},"44":{"start":{"line":96,"column":24},"end":{"line":96,"column":31}},"45":{"start":{"line":98,"column":4},"end":{"line":106,"column":5}},"46":{"start":{"line":101,"column":6},"end":{"line":101,"column":45}},"47":{"start":{"line":102,"column":6},"end":{"line":102,"column":25}},"48":{"start":{"line":104,"column":6},"end":{"line":104,"column":51}},"49":{"start":{"line":105,"column":6},"end":{"line":105,"column":71}},"50":{"start":{"line":109,"column":27},"end":{"line":115,"column":3}},"51":{"start":{"line":110,"column":4},"end":{"line":114,"column":7}},"52":{"start":{"line":117,"column":28},"end":{"line":126,"column":3}},"53":{"start":{"line":118,"column":4},"end":{"line":125,"column":5}},"54":{"start":{"line":119,"column":6},"end":{"line":119,"column":45}},"55":{"start":{"line":120,"column":6},"end":{"line":120,"column":70}},"56":{"start":{"line":121,"column":6},"end":{"line":121,"column":22}},"57":{"start":{"line":123,"column":6},"end":{"line":123,"column":53}},"58":{"start":{"line":124,"column":6},"end":{"line":124,"column":65}},"59":{"start":{"line":128,"column":27},"end":{"line":130,"column":3}},"60":{"start":{"line":129,"column":4},"end":{"line":129,"column":68}},"61":{"start":{"line":132,"column":21},"end":{"line":140,"column":3}},"62":{"start":{"line":133,"column":4},"end":{"line":139,"column":7}},"63":{"start":{"line":142,"column":24},"end":{"line":146,"column":3}},"64":{"start":{"line":143,"column":4},"end":{"line":143,"column":58}},"65":{"start":{"line":143,"column":37},"end":{"line":143,"column":58}},"66":{"start":{"line":144,"column":4},"end":{"line":144,"column":53}},"67":{"start":{"line":144,"column":34},"end":{"line":144,"column":53}},"68":{"start":{"line":145,"column":4},"end":{"line":145,"column":23}},"69":{"start":{"line":148,"column":2},"end":{"line":150,"column":3}},"70":{"start":{"line":149,"column":4},"end":{"line":149,"column":39}},"71":{"start":{"line":152,"column":2},"end":{"line":592,"column":4}},"72":{"start":{"line":158,"column":27},"end":{"line":158,"column":61}},"73":{"start":{"line":181,"column":31},"end":{"line":181,"column":58}},"74":{"start":{"line":219,"column":14},"end":{"line":256,"column":20}},"75":{"start":{"line":234,"column":20},"end":{"line":237,"column":26}},"76":{"start":{"line":243,"column":35},"end":{"line":243,"column":54}},"77":{"start":{"line":249,"column":35},"end":{"line":249,"column":57}},"78":{"start":{"line":269,"column":29},"end":{"line":269,"column":54}}},"fnMap":{"0":{"name":"(anonymous_0)","decl":{"start":{"line":6,"column":22},"end":{"line":6,"column":23}},"loc":{"start":{"line":6,"column":48},"end":{"line":593,"column":1}},"line":6},"1":{"name":"(anonymous_1)","decl":{"start":{"line":16,"column":12},"end":{"line":16,"column":13}},"loc":{"start":{"line":16,"column":18},"end":{"line":18,"column":3}},"line":16},"2":{"name":"(anonymous_2)","decl":{"start":{"line":20,"column":24},"end":{"line":20,"column":25}},"loc":{"start":{"line":20,"column":36},"end":{"line":33,"column":3}},"line":20},"3":{"name":"(anonymous_3)","decl":{"start":{"line":24,"column":41},"end":{"line":24,"column":42}},"loc":{"start":{"line":25,"column":8},"end":{"line":25,"column":53}},"line":25},"4":{"name":"(anonymous_4)","decl":{"start":{"line":35,"column":27},"end":{"line":35,"column":28}},"loc":{"start":{"line":35,"column":38},"end":{"line":41,"column":3}},"line":35},"5":{"name":"(anonymous_5)","decl":{"start":{"line":43,"column":27},"end":{"line":43,"column":28}},"loc":{"start":{"line":43,"column":39},"end":{"line":93,"column":3}},"line":43},"6":{"name":"(anonymous_6)","decl":{"start":{"line":95,"column":25},"end":{"line":95,"column":26}},"loc":{"start":{"line":95,"column":37},"end":{"line":107,"column":3}},"line":95},"7":{"name":"(anonymous_7)","decl":{"start":{"line":109,"column":27},"end":{"line":109,"column":28}},"loc":{"start":{"line":109,"column":37},"end":{"line":115,"column":3}},"line":109},"8":{"name":"(anonymous_8)","decl":{"start":{"line":117,"column":28},"end":{"line":117,"column":29}},"loc":{"start":{"line":117,"column":40},"end":{"line":126,"column":3}},"line":117},"9":{"name":"(anonymous_9)","decl":{"start":{"line":128,"column":27},"end":{"line":128,"column":28}},"loc":{"start":{"line":128,"column":33},"end":{"line":130,"column":3}},"line":128},"10":{"name":"(anonymous_10)","decl":{"start":{"line":132,"column":21},"end":{"line":132,"column":22}},"loc":{"start":{"line":132,"column":37},"end":{"line":140,"column":3}},"line":132},"11":{"name":"(anonymous_11)","decl":{"start":{"line":142,"column":24},"end":{"line":142,"column":25}},"loc":{"start":{"line":142,"column":34},"end":{"line":146,"column":3}},"line":142},"12":{"name":"(anonymous_12)","decl":{"start":{"line":158,"column":21},"end":{"line":158,"column":22}},"loc":{"start":{"line":158,"column":27},"end":{"line":158,"column":61}},"line":158},"13":{"name":"(anonymous_13)","decl":{"start":{"line":181,"column":24},"end":{"line":181,"column":25}},"loc":{"start":{"line":181,"column":31},"end":{"line":181,"column":58}},"line":181},"14":{"name":"(anonymous_14)","decl":{"start":{"line":218,"column":29},"end":{"line":218,"column":30}},"loc":{"start":{"line":219,"column":14},"end":{"line":256,"column":20}},"line":219},"15":{"name":"(anonymous_15)","decl":{"start":{"line":233,"column":63},"end":{"line":233,"column":64}},"loc":{"start":{"line":234,"column":20},"end":{"line":237,"column":26}},"line":234},"16":{"name":"(anonymous_16)","decl":{"start":{"line":243,"column":29},"end":{"line":243,"column":30}},"loc":{"start":{"line":243,"column":35},"end":{"line":243,"column":54}},"line":243},"17":{"name":"(anonymous_17)","decl":{"start":{"line":249,"column":29},"end":{"line":249,"column":30}},"loc":{"start":{"line":249,"column":35},"end":{"line":249,"column":57}},"line":249},"18":{"name":"(anonymous_18)","decl":{"start":{"line":269,"column":22},"end":{"line":269,"column":23}},"loc":{"start":{"line":269,"column":29},"end":{"line":269,"column":54}},"line":269}},"branchMap":{"0":{"loc":{"start":{"line":37,"column":4},"end":{"line":37,"column":22}},"type":"if","locations":[{"start":{"line":37,"column":4},"end":{"line":37,"column":22}},{"start":{},"end":{}}],"line":37},"1":{"loc":{"start":{"line":44,"column":4},"end":{"line":47,"column":5}},"type":"if","locations":[{"start":{"line":44,"column":4},"end":{"line":47,"column":5}},{"start":{},"end":{}}],"line":44},"2":{"loc":{"start":{"line":44,"column":8},"end":{"line":44,"column":37}},"type":"binary-expr","locations":[{"start":{"line":44,"column":8},"end":{"line":44,"column":17}},{"start":{"line":44,"column":21},"end":{"line":44,"column":37}}],"line":44},"3":{"loc":{"start":{"line":91,"column":21},"end":{"line":91,"column":97}},"type":"binary-expr","locations":[{"start":{"line":91,"column":21},"end":{"line":91,"column":34}},{"start":{"line":91,"column":38},"end":{"line":91,"column":97}}],"line":91},"4":{"loc":{"start":{"line":96,"column":4},"end":{"line":96,"column":31}},"type":"if","locations":[{"start":{"line":96,"column":4},"end":{"line":96,"column":31}},{"start":{},"end":{}}],"line":96},"5":{"loc":{"start":{"line":143,"column":4},"end":{"line":143,"column":58}},"type":"if","locations":[{"start":{"line":143,"column":4},"end":{"line":143,"column":58}},{"start":{},"end":{}}],"line":143},"6":{"loc":{"start":{"line":144,"column":4},"end":{"line":144,"column":53}},"type":"if","locations":[{"start":{"line":144,"column":4},"end":{"line":144,"column":53}},{"start":{},"end":{}}],"line":144},"7":{"loc":{"start":{"line":148,"column":2},"end":{"line":150,"column":3}},"type":"if","locations":[{"start":{"line":148,"column":2},"end":{"line":150,"column":3}},{"start":{},"end":{}}],"line":148},"8":{"loc":{"start":{"line":161,"column":13},"end":{"line":161,"column":51}},"type":"cond-expr","locations":[{"start":{"line":161,"column":30},"end":{"line":161,"column":38}},{"start":{"line":161,"column":41},"end":{"line":161,"column":51}}],"line":161},"9":{"loc":{"start":{"line":166,"column":7},"end":{"line":170,"column":7}},"type":"binary-expr","locations":[{"start":{"line":166,"column":7},"end":{"line":166,"column":18}},{"start":{"line":167,"column":8},"end":{"line":169,"column":14}}],"line":166},"10":{"loc":{"start":{"line":172,"column":7},"end":{"line":207,"column":7}},"type":"binary-expr","locations":[{"start":{"line":172,"column":7},"end":{"line":172,"column":21}},{"start":{"line":173,"column":8},"end":{"line":206,"column":14}}],"line":172},"11":{"loc":{"start":{"line":197,"column":15},"end":{"line":197,"column":80}},"type":"cond-expr","locations":[{"start":{"line":197,"column":26},"end":{"line":197,"column":54}},{"start":{"line":197,"column":57},"end":{"line":197,"column":80}}],"line":197},"12":{"loc":{"start":{"line":211,"column":9},"end":{"line":259,"column":9}},"type":"cond-expr","locations":[{"start":{"line":212,"column":10},"end":{"line":215,"column":16}},{"start":{"line":217,"column":10},"end":{"line":258,"column":16}}],"line":211},"13":{"loc":{"start":{"line":227,"column":48},"end":{"line":227,"column":73}},"type":"binary-expr","locations":[{"start":{"line":227,"column":48},"end":{"line":227,"column":68}},{"start":{"line":227,"column":72},"end":{"line":227,"column":73}}],"line":227},"14":{"loc":{"start":{"line":228,"column":46},"end":{"line":228,"column":72}},"type":"binary-expr","locations":[{"start":{"line":228,"column":46},"end":{"line":228,"column":67}},{"start":{"line":228,"column":71},"end":{"line":228,"column":72}}],"line":228},"15":{"loc":{"start":{"line":233,"column":34},"end":{"line":233,"column":57}},"type":"binary-expr","locations":[{"start":{"line":233,"column":34},"end":{"line":233,"column":51}},{"start":{"line":233,"column":55},"end":{"line":233,"column":57}}],"line":233},"16":{"loc":{"start":{"line":235,"column":29},"end":{"line":235,"column":70}},"type":"binary-expr","locations":[{"start":{"line":235,"column":29},"end":{"line":235,"column":52}},{"start":{"line":235,"column":56},"end":{"line":235,"column":70}}],"line":235},"17":{"loc":{"start":{"line":236,"column":50},"end":{"line":236,"column":89}},"type":"binary-expr","locations":[{"start":{"line":236,"column":50},"end":{"line":236,"column":76}},{"start":{"line":236,"column":80},"end":{"line":236,"column":89}}],"line":236},"18":{"loc":{"start":{"line":246,"column":21},"end":{"line":246,"column":77}},"type":"cond-expr","locations":[{"start":{"line":246,"column":48},"end":{"line":246,"column":63}},{"start":{"line":246,"column":66},"end":{"line":246,"column":77}}],"line":246}},"s":{"0":0,"1":0,"2":0,"3":0,"4":0,"5":0,"6":0,"7":0,"8":0,"9":0,"10":0,"11":0,"12":0,"13":0,"14":0,"15":0,"16":0,"17":0,"18":0,"19":0,"20":0,"21":0,"22":0,"23":0,"24":0,"25":0,"26":0,"27":0,"28":0,"29":0,"30":0,"31":0,"32":0,"33":0,"34":0,"35":0,"36":0,"37":0,"38":0,"39":0,"40":0,"41":0,"42":0,"43":0,"44":0,"45":0,"46":0,"47":0,"48":0,"49":0,"50":0,"51":0,"52":0,"53":0,"54":0,"55":0,"56":0,"57":0,"58":0,"59":0,"60":0,"61":0,"62":0,"63":0,"64":0,"65":0,"66":0,"67":0,"68":0,"69":0,"70":0,"71":0,"72":0,"73":0,"74":0,"75":0,"76":0,"77":0,"78":0},"f":{"0":0,"1":0,"2":0,"3":0,"4":0,"5":0,"6":0,"7":0,"8":0,"9":0,"10":0,"11":0,"12":0,"13":0,"14":0,"15":0,"16":0,"17":0,"18":0},"b":{"0":[0,0],"1":[0,0],"2":[0,0],"3":[0,0],"4":[0,0],"5":[0,0],"6":[0,0],"7":[0,0],"8":[0,0],"9":[0,0],"10":[0,0],"11":[0,0],"12":[0,0],"13":[0,0],"14":[0,0],"15":[0,0],"16":[0,0],"17":[0,0],"18":[0,0]}}
,"C:\\Users\\John\\Documents\\Code\\tabletop-army-manager\\src\\components\\GameSession.js": {"path":"C:\\Users\\John\\Documents\\Code\\tabletop-army-manager\\src\\components\\GameSession.js","statementMap":{"0":{"start":{"line":4,"column":20},"end":{"line":464,"column":1}},"1":{"start":{"line":5,"column":34},"end":{"line":5,"column":48}},"2":{"start":{"line":6,"column":32},"end":{"line":6,"column":44}},"3":{"start":{"line":7,"column":32},"end":{"line":7,"column":46}},"4":{"start":{"line":8,"column":42},"end":{"line":8,"column":56}},"5":{"start":{"line":9,"column":42},"end":{"line":9,"column":53}},"6":{"start":{"line":10,"column":34},"end":{"line":10,"column":45}},"7":{"start":{"line":11,"column":34},"end":{"line":11,"column":46}},"8":{"start":{"line":13,"column":2},"end":{"line":29,"column":15}},"9":{"start":{"line":15,"column":28},"end":{"line":18,"column":6}},"10":{"start":{"line":16,"column":6},"end":{"line":16,"column":24}},"11":{"start":{"line":17,"column":6},"end":{"line":17,"column":24}},"12":{"start":{"line":21,"column":31},"end":{"line":23,"column":6}},"13":{"start":{"line":22,"column":6},"end":{"line":22,"column":43}},"14":{"start":{"line":25,"column":4},"end":{"line":28,"column":6}},"15":{"start":{"line":26,"column":6},"end":{"line":26,"column":24}},"16":{"start":{"line":27,"column":6},"end":{"line":27,"column":27}},"17":{"start":{"line":31,"column":29},"end":{"line":47,"column":3}},"18":{"start":{"line":32,"column":4},"end":{"line":32,"column":47}},"19":{"start":{"line":32,"column":40},"end":{"line":32,"column":47}},"20":{"start":{"line":34,"column":4},"end":{"line":46,"column":5}},"21":{"start":{"line":35,"column":21},"end":{"line":39,"column":7}},"22":{"start":{"line":41,"column":6},"end":{"line":41,"column":68}},"23":{"start":{"line":42,"column":6},"end":{"line":42,"column":25}},"24":{"start":{"line":43,"column":6},"end":{"line":43,"column":28}},"25":{"start":{"line":45,"column":6},"end":{"line":45,"column":55}},"26":{"start":{"line":49,"column":25},"end":{"line":59,"column":3}},"27":{"start":{"line":50,"column":4},"end":{"line":50,"column":46}},"28":{"start":{"line":50,"column":39},"end":{"line":50,"column":46}},"29":{"start":{"line":52,"column":4},"end":{"line":58,"column":5}},"30":{"start":{"line":53,"column":6},"end":{"line":53,"column":80}},"31":{"start":{"line":54,"column":6},"end":{"line":54,"column":21}},"32":{"start":{"line":55,"column":6},"end":{"line":55,"column":22}},"33":{"start":{"line":57,"column":6},"end":{"line":57,"column":63}},"34":{"start":{"line":61,"column":25},"end":{"line":67,"column":3}},"35":{"start":{"line":62,"column":4},"end":{"line":66,"column":5}},"36":{"start":{"line":63,"column":6},"end":{"line":63,"column":29}},"37":{"start":{"line":65,"column":6},"end":{"line":65,"column":54}},"38":{"start":{"line":69,"column":2},"end":{"line":71,"column":3}},"39":{"start":{"line":70,"column":4},"end":{"line":70,"column":46}},"40":{"start":{"line":73,"column":2},"end":{"line":75,"column":3}},"41":{"start":{"line":74,"column":4},"end":{"line":74,"column":37}},"42":{"start":{"line":77,"column":29},"end":{"line":77,"column":54}},"43":{"start":{"line":78,"column":24},"end":{"line":78,"column":60}},"44":{"start":{"line":79,"column":19},"end":{"line":79,"column":45}},"45":{"start":{"line":82,"column":19},"end":{"line":82,"column":21}},"46":{"start":{"line":83,"column":2},"end":{"line":94,"column":5}},"47":{"start":{"line":86,"column":4},"end":{"line":93,"column":7}},"48":{"start":{"line":96,"column":2},"end":{"line":463,"column":4}},"49":{"start":{"line":113,"column":16},"end":{"line":124,"column":22}},"50":{"start":{"line":116,"column":33},"end":{"line":116,"column":54}},"51":{"start":{"line":139,"column":35},"end":{"line":139,"column":66}},"52":{"start":{"line":162,"column":35},"end":{"line":162,"column":62}},"53":{"start":{"line":168,"column":35},"end":{"line":168,"column":62}},"54":{"start":{"line":197,"column":14},"end":{"line":200,"column":20}},"55":{"start":{"line":208,"column":16},"end":{"line":215,"column":22}}},"fnMap":{"0":{"name":"(anonymous_0)","decl":{"start":{"line":4,"column":20},"end":{"line":4,"column":21}},"loc":{"start":{"line":4,"column":42},"end":{"line":464,"column":1}},"line":4},"1":{"name":"(anonymous_1)","decl":{"start":{"line":13,"column":12},"end":{"line":13,"column":13}},"loc":{"start":{"line":13,"column":18},"end":{"line":29,"column":3}},"line":13},"2":{"name":"(anonymous_2)","decl":{"start":{"line":15,"column":52},"end":{"line":15,"column":53}},"loc":{"start":{"line":15,"column":62},"end":{"line":18,"column":5}},"line":15},"3":{"name":"(anonymous_3)","decl":{"start":{"line":21,"column":62},"end":{"line":21,"column":63}},"loc":{"start":{"line":21,"column":79},"end":{"line":23,"column":5}},"line":21},"4":{"name":"(anonymous_4)","decl":{"start":{"line":25,"column":11},"end":{"line":25,"column":12}},"loc":{"start":{"line":25,"column":17},"end":{"line":28,"column":5}},"line":25},"5":{"name":"(anonymous_5)","decl":{"start":{"line":31,"column":29},"end":{"line":31,"column":30}},"loc":{"start":{"line":31,"column":41},"end":{"line":47,"column":3}},"line":31},"6":{"name":"(anonymous_6)","decl":{"start":{"line":49,"column":25},"end":{"line":49,"column":26}},"loc":{"start":{"line":49,"column":37},"end":{"line":59,"column":3}},"line":49},"7":{"name":"(anonymous_7)","decl":{"start":{"line":61,"column":25},"end":{"line":61,"column":26}},"loc":{"start":{"line":61,"column":37},"end":{"line":67,"column":3}},"line":61},"8":{"name":"(anonymous_8)","decl":{"start":{"line":83,"column":54},"end":{"line":83,"column":55}},"loc":{"start":{"line":83,"column":78},"end":{"line":94,"column":3}},"line":83},"9":{"name":"(anonymous_9)","decl":{"start":{"line":112,"column":28},"end":{"line":112,"column":29}},"loc":{"start":{"line":113,"column":16},"end":{"line":124,"column":22}},"line":113},"10":{"name":"(anonymous_10)","decl":{"start":{"line":116,"column":27},"end":{"line":116,"column":28}},"loc":{"start":{"line":116,"column":33},"end":{"line":116,"column":54}},"line":116},"11":{"name":"(anonymous_11)","decl":{"start":{"line":139,"column":28},"end":{"line":139,"column":29}},"loc":{"start":{"line":139,"column":35},"end":{"line":139,"column":66}},"line":139},"12":{"name":"(anonymous_12)","decl":{"start":{"line":162,"column":28},"end":{"line":162,"column":29}},"loc":{"start":{"line":162,"column":35},"end":{"line":162,"column":62}},"line":162},"13":{"name":"(anonymous_13)","decl":{"start":{"line":168,"column":28},"end":{"line":168,"column":29}},"loc":{"start":{"line":168,"column":35},"end":{"line":168,"column":62}},"line":168},"14":{"name":"(anonymous_14)","decl":{"start":{"line":196,"column":67},"end":{"line":196,"column":68}},"loc":{"start":{"line":197,"column":14},"end":{"line":200,"column":20}},"line":197},"15":{"name":"(anonymous_15)","decl":{"start":{"line":207,"column":27},"end":{"line":207,"column":28}},"loc":{"start":{"line":208,"column":16},"end":{"line":215,"column":22}},"line":208}},"branchMap":{"0":{"loc":{"start":{"line":32,"column":4},"end":{"line":32,"column":47}},"type":"if","locations":[{"start":{"line":32,"column":4},"end":{"line":32,"column":47}},{"start":{},"end":{}}],"line":32},"1":{"loc":{"start":{"line":32,"column":8},"end":{"line":32,"column":38}},"type":"binary-expr","locations":[{"start":{"line":32,"column":8},"end":{"line":32,"column":21}},{"start":{"line":32,"column":25},"end":{"line":32,"column":38}}],"line":32},"2":{"loc":{"start":{"line":38,"column":22},"end":{"line":38,"column":51}},"type":"binary-expr","locations":[{"start":{"line":38,"column":22},"end":{"line":38,"column":46}},{"start":{"line":38,"column":50},"end":{"line":38,"column":51}}],"line":38},"3":{"loc":{"start":{"line":50,"column":4},"end":{"line":50,"column":46}},"type":"if","locations":[{"start":{"line":50,"column":4},"end":{"line":50,"column":46}},{"start":{},"end":{}}],"line":50},"4":{"loc":{"start":{"line":50,"column":8},"end":{"line":50,"column":37}},"type":"binary-expr","locations":[{"start":{"line":50,"column":8},"end":{"line":50,"column":17}},{"start":{"line":50,"column":21},"end":{"line":50,"column":37}}],"line":50},"5":{"loc":{"start":{"line":69,"column":2},"end":{"line":71,"column":3}},"type":"if","locations":[{"start":{"line":69,"column":2},"end":{"line":71,"column":3}},{"start":{},"end":{}}],"line":69},"6":{"loc":{"start":{"line":73,"column":2},"end":{"line":75,"column":3}},"type":"if","locations":[{"start":{"line":73,"column":2},"end":{"line":75,"column":3}},{"start":{},"end":{}}],"line":73},"7":{"loc":{"start":{"line":77,"column":29},"end":{"line":77,"column":54}},"type":"binary-expr","locations":[{"start":{"line":77,"column":29},"end":{"line":77,"column":49}},{"start":{"line":77,"column":53},"end":{"line":77,"column":54}}],"line":77},"8":{"loc":{"start":{"line":83,"column":17},"end":{"line":83,"column":44}},"type":"binary-expr","locations":[{"start":{"line":83,"column":17},"end":{"line":83,"column":38}},{"start":{"line":83,"column":42},"end":{"line":83,"column":44}}],"line":83},"9":{"loc":{"start":{"line":101,"column":24},"end":{"line":101,"column":43}},"type":"binary-expr","locations":[{"start":{"line":101,"column":24},"end":{"line":101,"column":38}},{"start":{"line":101,"column":42},"end":{"line":101,"column":43}}],"line":101},"10":{"loc":{"start":{"line":102,"column":31},"end":{"line":102,"column":68}},"type":"cond-expr","locations":[{"start":{"line":102,"column":42},"end":{"line":102,"column":53}},{"start":{"line":102,"column":56},"end":{"line":102,"column":68}}],"line":102},"11":{"loc":{"start":{"line":115,"column":42},"end":{"line":115,"column":88}},"type":"cond-expr","locations":[{"start":{"line":115,"column":73},"end":{"line":115,"column":83}},{"start":{"line":115,"column":86},"end":{"line":115,"column":88}}],"line":115},"12":{"loc":{"start":{"line":120,"column":36},"end":{"line":120,"column":57}},"type":"binary-expr","locations":[{"start":{"line":120,"column":36},"end":{"line":120,"column":52}},{"start":{"line":120,"column":56},"end":{"line":120,"column":57}}],"line":120},"13":{"loc":{"start":{"line":122,"column":21},"end":{"line":122,"column":75}},"type":"cond-expr","locations":[{"start":{"line":122,"column":48},"end":{"line":122,"column":62}},{"start":{"line":122,"column":65},"end":{"line":122,"column":75}}],"line":122},"14":{"loc":{"start":{"line":144,"column":28},"end":{"line":144,"column":54}},"type":"binary-expr","locations":[{"start":{"line":144,"column":28},"end":{"line":144,"column":41}},{"start":{"line":144,"column":45},"end":{"line":144,"column":54}}],"line":144},"15":{"loc":{"start":{"line":150,"column":15},"end":{"line":152,"column":15}},"type":"binary-expr","locations":[{"start":{"line":150,"column":15},"end":{"line":150,"column":27}},{"start":{"line":151,"column":16},"end":{"line":151,"column":52}}],"line":150},"16":{"loc":{"start":{"line":173,"column":28},"end":{"line":173,"column":57}},"type":"binary-expr","locations":[{"start":{"line":173,"column":28},"end":{"line":173,"column":37}},{"start":{"line":173,"column":41},"end":{"line":173,"column":57}}],"line":173},"17":{"loc":{"start":{"line":196,"column":28},"end":{"line":196,"column":61}},"type":"binary-expr","locations":[{"start":{"line":196,"column":28},"end":{"line":196,"column":55}},{"start":{"line":196,"column":59},"end":{"line":196,"column":61}}],"line":196},"18":{"loc":{"start":{"line":211,"column":21},"end":{"line":211,"column":82}},"type":"binary-expr","locations":[{"start":{"line":211,"column":21},"end":{"line":211,"column":45}},{"start":{"line":211,"column":49},"end":{"line":211,"column":82}}],"line":211},"19":{"loc":{"start":{"line":212,"column":21},"end":{"line":212,"column":97}},"type":"binary-expr","locations":[{"start":{"line":212,"column":21},"end":{"line":212,"column":53}},{"start":{"line":212,"column":57},"end":{"line":212,"column":97}}],"line":212},"20":{"loc":{"start":{"line":213,"column":21},"end":{"line":213,"column":94}},"type":"binary-expr","locations":[{"start":{"line":213,"column":21},"end":{"line":213,"column":50}},{"start":{"line":213,"column":54},"end":{"line":213,"column":94}}],"line":213}},"s":{"0":0,"1":0,"2":0,"3":0,"4":0,"5":0,"6":0,"7":0,"8":0,"9":0,"10":0,"11":0,"12":0,"13":0,"14":0,"15":0,"16":0,"17":0,"18":0,"19":0,"20":0,"21":0,"22":0,"23":0,"24":0,"25":0,"26":0,"27":0,"28":0,"29":0,"30":0,"31":0,"32":0,"33":0,"34":0,"35":0,"36":0,"37":0,"38":0,"39":0,"40":0,"41":0,"42":0,"43":0,"44":0,"45":0,"46":0,"47":0,"48":0,"49":0,"50":0,"51":0,"52":0,"53":0,"54":0,"55":0},"f":{"0":0,"1":0,"2":0,"3":0,"4":0,"5":0,"6":0,"7":0,"8":0,"9":0,"10":0,"11":0,"12":0,"13":0,"14":0,"15":0},"b":{"0":[0,0],"1":[0,0],"2":[0,0],"3":[0,0],"4":[0,0],"5":[0,0],"6":[0,0],"7":[0,0],"8":[0,0],"9":[0,0],"10":[0,0],"11":[0,0],"12":[0,0],"13":[0,0],"14":[0,0],"15":[0,0],"16":[0,0],"17":[0,0],"18":[0,0],"19":[0,0],"20":[0,0]}}
,"C:\\Users\\John\\Documents\\Code\\tabletop-army-manager\\src\\firebase\\auth.js": {"path":"C:\\Users\\John\\Documents\\Code\\tabletop-army-manager\\src\\firebase\\auth.js","statementMap":{"0":{"start":{"line":14,"column":23},"end":{"line":14,"column":47}},"1":{"start":{"line":17,"column":31},"end":{"line":37,"column":1}},"2":{"start":{"line":18,"column":2},"end":{"line":36,"column":3}},"3":{"start":{"line":19,"column":27},"end":{"line":19,"column":86}},"4":{"start":{"line":20,"column":17},"end":{"line":20,"column":36}},"5":{"start":{"line":23,"column":4},"end":{"line":23,"column":47}},"6":{"start":{"line":26,"column":4},"end":{"line":31,"column":7}},"7":{"start":{"line":33,"column":4},"end":{"line":33,"column":16}},"8":{"start":{"line":35,"column":4},"end":{"line":35,"column":35}},"9":{"start":{"line":40,"column":31},"end":{"line":47,"column":1}},"10":{"start":{"line":41,"column":2},"end":{"line":46,"column":3}},"11":{"start":{"line":42,"column":27},"end":{"line":42,"column":82}},"12":{"start":{"line":43,"column":4},"end":{"line":43,"column":31}},"13":{"start":{"line":45,"column":4},"end":{"line":45,"column":35}},"14":{"start":{"line":50,"column":32},"end":{"line":67,"column":1}},"15":{"start":{"line":51,"column":2},"end":{"line":66,"column":3}},"16":{"start":{"line":52,"column":19},"end":{"line":52,"column":62}},"17":{"start":{"line":53,"column":17},"end":{"line":53,"column":28}},"18":{"start":{"line":56,"column":4},"end":{"line":61,"column":7}},"19":{"start":{"line":63,"column":4},"end":{"line":63,"column":16}},"20":{"start":{"line":65,"column":4},"end":{"line":65,"column":35}},"21":{"start":{"line":70,"column":27},"end":{"line":76,"column":1}},"22":{"start":{"line":71,"column":2},"end":{"line":75,"column":3}},"23":{"start":{"line":72,"column":4},"end":{"line":72,"column":24}},"24":{"start":{"line":74,"column":4},"end":{"line":74,"column":35}},"25":{"start":{"line":79,"column":33},"end":{"line":81,"column":1}},"26":{"start":{"line":80,"column":2},"end":{"line":80,"column":44}},"27":{"start":{"line":84,"column":30},"end":{"line":86,"column":1}},"28":{"start":{"line":85,"column":2},"end":{"line":85,"column":26}}},"fnMap":{"0":{"name":"(anonymous_0)","decl":{"start":{"line":17,"column":31},"end":{"line":17,"column":32}},"loc":{"start":{"line":17,"column":71},"end":{"line":37,"column":1}},"line":17},"1":{"name":"(anonymous_1)","decl":{"start":{"line":40,"column":31},"end":{"line":40,"column":32}},"loc":{"start":{"line":40,"column":58},"end":{"line":47,"column":1}},"line":40},"2":{"name":"(anonymous_2)","decl":{"start":{"line":50,"column":32},"end":{"line":50,"column":33}},"loc":{"start":{"line":50,"column":44},"end":{"line":67,"column":1}},"line":50},"3":{"name":"(anonymous_3)","decl":{"start":{"line":70,"column":27},"end":{"line":70,"column":28}},"loc":{"start":{"line":70,"column":39},"end":{"line":76,"column":1}},"line":70},"4":{"name":"(anonymous_4)","decl":{"start":{"line":79,"column":33},"end":{"line":79,"column":34}},"loc":{"start":{"line":79,"column":47},"end":{"line":81,"column":1}},"line":79},"5":{"name":"(anonymous_5)","decl":{"start":{"line":84,"column":30},"end":{"line":84,"column":31}},"loc":{"start":{"line":84,"column":36},"end":{"line":86,"column":1}},"line":84}},"branchMap":{},"s":{"0":0,"1":0,"2":0,"3":0,"4":0,"5":0,"6":0,"7":0,"8":0,"9":0,"10":0,"11":0,"12":0,"13":0,"14":0,"15":0,"16":0,"17":0,"18":0,"19":0,"20":0,"21":0,"22":0,"23":0,"24":0,"25":0,"26":0,"27":0,"28":0},"f":{"0":0,"1":0,"2":0,"3":0,"4":0,"5":0},"b":{}}
,"C:\\Users\\John\\Documents\\Code\\tabletop-army-manager\\src\\firebase\\config.js": {"path":"C:\\Users\\John\\Documents\\Code\\tabletop-army-manager\\src\\firebase\\config.js","statementMap":{"0":{"start":{"line":6,"column":23},"end":{"line":13,"column":1}},"1":{"start":{"line":16,"column":12},"end":{"line":16,"column":41}},"2":{"start":{"line":19,"column":20},"end":{"line":19,"column":32}},"3":{"start":{"line":20,"column":18},"end":{"line":20,"column":35}},"4":{"start":{"line":23,"column":0},"end":{"line":38,"column":1}},"5":{"start":{"line":24,"column":2},"end":{"line":29,"column":3}},"6":{"start":{"line":25,"column":4},"end":{"line":25,"column":55}},"7":{"start":{"line":28,"column":4},"end":{"line":28,"column":72}},"8":{"start":{"line":31,"column":2},"end":{"line":36,"column":3}},"9":{"start":{"line":32,"column":4},"end":{"line":32,"column":52}},"10":{"start":{"line":35,"column":4},"end":{"line":35,"column":77}}},"fnMap":{},"branchMap":{"0":{"loc":{"start":{"line":23,"column":0},"end":{"line":38,"column":1}},"type":"if","locations":[{"start":{"line":23,"column":0},"end":{"line":38,"column":1}},{"start":{},"end":{}}],"line":23}},"s":{"0":0,"1":0,"2":0,"3":0,"4":0,"5":0,"6":0,"7":0,"8":0,"9":0,"10":0},"f":{},"b":{"0":[0,0]}}
,"C:\\Users\\John\\Documents\\Code\\tabletop-army-manager\\src\\firebase\\database.js": {"path":"C:\\Users\\John\\Documents\\Code\\tabletop-army-manager\\src\\firebase\\database.js","statementMap":{"0":{"start":{"line":20,"column":36},"end":{"line":25,"column":1}},"1":{"start":{"line":28,"column":26},"end":{"line":35,"column":1}},"2":{"start":{"line":29,"column":18},"end":{"line":29,"column":61}},"3":{"start":{"line":30,"column":2},"end":{"line":34,"column":5}},"4":{"start":{"line":37,"column":23},"end":{"line":41,"column":1}},"5":{"start":{"line":38,"column":18},"end":{"line":38,"column":61}},"6":{"start":{"line":39,"column":19},"end":{"line":39,"column":40}},"7":{"start":{"line":40,"column":2},"end":{"line":40,"column":76}},"8":{"start":{"line":44,"column":26},"end":{"line":52,"column":1}},"9":{"start":{"line":45,"column":18},"end":{"line":50,"column":4}},"10":{"start":{"line":51,"column":2},"end":{"line":51,"column":20}},"11":{"start":{"line":55,"column":28},"end":{"line":74,"column":1}},"12":{"start":{"line":56,"column":2},"end":{"line":73,"column":3}},"13":{"start":{"line":57,"column":21},"end":{"line":57,"column":63}},"14":{"start":{"line":58,"column":14},"end":{"line":58,"column":73}},"15":{"start":{"line":59,"column":26},"end":{"line":59,"column":42}},"16":{"start":{"line":61,"column":18},"end":{"line":61,"column":20}},"17":{"start":{"line":62,"column":4},"end":{"line":67,"column":7}},"18":{"start":{"line":63,"column":6},"end":{"line":66,"column":9}},"19":{"start":{"line":69,"column":4},"end":{"line":69,"column":17}},"20":{"start":{"line":71,"column":4},"end":{"line":71,"column":49}},"21":{"start":{"line":72,"column":4},"end":{"line":72,"column":16}},"22":{"start":{"line":76,"column":29},"end":{"line":95,"column":1}},"23":{"start":{"line":77,"column":2},"end":{"line":94,"column":3}},"24":{"start":{"line":78,"column":22},"end":{"line":78,"column":65}},"25":{"start":{"line":79,"column":14},"end":{"line":79,"column":62}},"26":{"start":{"line":80,"column":26},"end":{"line":80,"column":42}},"27":{"start":{"line":82,"column":19},"end":{"line":82,"column":21}},"28":{"start":{"line":83,"column":4},"end":{"line":88,"column":7}},"29":{"start":{"line":84,"column":6},"end":{"line":87,"column":9}},"30":{"start":{"line":90,"column":4},"end":{"line":90,"column":18}},"31":{"start":{"line":92,"column":4},"end":{"line":92,"column":50}},"32":{"start":{"line":93,"column":4},"end":{"line":93,"column":16}},"33":{"start":{"line":97,"column":26},"end":{"line":103,"column":1}},"34":{"start":{"line":98,"column":18},"end":{"line":98,"column":62}},"35":{"start":{"line":99,"column":2},"end":{"line":102,"column":5}},"36":{"start":{"line":105,"column":26},"end":{"line":108,"column":1}},"37":{"start":{"line":106,"column":18},"end":{"line":106,"column":62}},"38":{"start":{"line":107,"column":2},"end":{"line":107,"column":27}},"39":{"start":{"line":111,"column":26},"end":{"line":121,"column":1}},"40":{"start":{"line":112,"column":18},"end":{"line":119,"column":4}},"41":{"start":{"line":120,"column":2},"end":{"line":120,"column":20}},"42":{"start":{"line":123,"column":24},"end":{"line":130,"column":1}},"43":{"start":{"line":124,"column":18},"end":{"line":124,"column":61}},"44":{"start":{"line":125,"column":2},"end":{"line":129,"column":5}},"45":{"start":{"line":132,"column":31},"end":{"line":138,"column":1}},"46":{"start":{"line":133,"column":18},"end":{"line":133,"column":61}},"47":{"start":{"line":134,"column":2},"end":{"line":137,"column":5}},"48":{"start":{"line":140,"column":26},"end":{"line":143,"column":1}},"49":{"start":{"line":141,"column":18},"end":{"line":141,"column":61}},"50":{"start":{"line":142,"column":2},"end":{"line":142,"column":27}},"51":{"start":{"line":146,"column":31},"end":{"line":153,"column":1}},"52":{"start":{"line":147,"column":18},"end":{"line":147,"column":61}},"53":{"start":{"line":148,"column":2},"end":{"line":152,"column":5}},"54":{"start":{"line":149,"column":4},"end":{"line":151,"column":5}},"55":{"start":{"line":150,"column":6},"end":{"line":150,"column":46}},"56":{"start":{"line":156,"column":28},"end":{"line":186,"column":1}},"57":{"start":{"line":157,"column":18},"end":{"line":157,"column":61}},"58":{"start":{"line":158,"column":21},"end":{"line":162,"column":3}},"59":{"start":{"line":165,"column":23},"end":{"line":172,"column":3}},"60":{"start":{"line":174,"column":2},"end":{"line":174,"column":74}},"61":{"start":{"line":176,"column":2},"end":{"line":176,"column":39}},"62":{"start":{"line":179,"column":2},"end":{"line":185,"column":5}},"63":{"start":{"line":189,"column":35},"end":{"line":212,"column":1}},"64":{"start":{"line":190,"column":18},"end":{"line":190,"column":61}},"65":{"start":{"line":191,"column":19},"end":{"line":198,"column":3}},"66":{"start":{"line":200,"column":2},"end":{"line":204,"column":5}},"67":{"start":{"line":206,"column":2},"end":{"line":211,"column":5}},"68":{"start":{"line":215,"column":24},"end":{"line":236,"column":1}},"69":{"start":{"line":216,"column":18},"end":{"line":216,"column":61}},"70":{"start":{"line":217,"column":19},"end":{"line":217,"column":40}},"71":{"start":{"line":219,"column":2},"end":{"line":235,"column":3}},"72":{"start":{"line":220,"column":21},"end":{"line":220,"column":36}},"73":{"start":{"line":221,"column":26},"end":{"line":221,"column":78}},"74":{"start":{"line":222,"column":22},"end":{"line":222,"column":79}},"75":{"start":{"line":224,"column":4},"end":{"line":228,"column":7}},"76":{"start":{"line":230,"column":4},"end":{"line":234,"column":7}},"77":{"start":{"line":239,"column":29},"end":{"line":245,"column":1}},"78":{"start":{"line":240,"column":21},"end":{"line":240,"column":82}},"79":{"start":{"line":241,"column":2},"end":{"line":244,"column":5}},"80":{"start":{"line":247,"column":38},"end":{"line":255,"column":1}},"81":{"start":{"line":248,"column":21},"end":{"line":248,"column":82}},"82":{"start":{"line":249,"column":12},"end":{"line":249,"column":59}},"83":{"start":{"line":251,"column":2},"end":{"line":254,"column":5}},"84":{"start":{"line":252,"column":20},"end":{"line":252,"column":77}},"85":{"start":{"line":252,"column":46},"end":{"line":252,"column":75}},"86":{"start":{"line":253,"column":4},"end":{"line":253,"column":22}},"87":{"start":{"line":258,"column":18},"end":{"line":267,"column":1}},"88":{"start":{"line":259,"column":18},"end":{"line":259,"column":61}},"89":{"start":{"line":260,"column":19},"end":{"line":260,"column":40}},"90":{"start":{"line":262,"column":2},"end":{"line":265,"column":3}},"91":{"start":{"line":263,"column":21},"end":{"line":263,"column":36}},"92":{"start":{"line":264,"column":4},"end":{"line":264,"column":56}},"93":{"start":{"line":266,"column":2},"end":{"line":266,"column":11}},"94":{"start":{"line":270,"column":34},"end":{"line":279,"column":1}},"95":{"start":{"line":271,"column":22},"end":{"line":277,"column":4}},"96":{"start":{"line":278,"column":2},"end":{"line":278,"column":24}},"97":{"start":{"line":281,"column":38},"end":{"line":289,"column":1}},"98":{"start":{"line":282,"column":12},"end":{"line":286,"column":3}},"99":{"start":{"line":287,"column":24},"end":{"line":287,"column":40}},"100":{"start":{"line":288,"column":2},"end":{"line":288,"column":72}},"101":{"start":{"line":288,"column":40},"end":{"line":288,"column":69}}},"fnMap":{"0":{"name":"(anonymous_0)","decl":{"start":{"line":28,"column":26},"end":{"line":28,"column":27}},"loc":{"start":{"line":28,"column":54},"end":{"line":35,"column":1}},"line":28},"1":{"name":"(anonymous_1)","decl":{"start":{"line":37,"column":23},"end":{"line":37,"column":24}},"loc":{"start":{"line":37,"column":41},"end":{"line":41,"column":1}},"line":37},"2":{"name":"(anonymous_2)","decl":{"start":{"line":44,"column":26},"end":{"line":44,"column":27}},"loc":{"start":{"line":44,"column":54},"end":{"line":52,"column":1}},"line":44},"3":{"name":"(anonymous_3)","decl":{"start":{"line":55,"column":28},"end":{"line":55,"column":29}},"loc":{"start":{"line":55,"column":46},"end":{"line":74,"column":1}},"line":55},"4":{"name":"(anonymous_4)","decl":{"start":{"line":62,"column":26},"end":{"line":62,"column":27}},"loc":{"start":{"line":62,"column":35},"end":{"line":67,"column":5}},"line":62},"5":{"name":"(anonymous_5)","decl":{"start":{"line":76,"column":29},"end":{"line":76,"column":30}},"loc":{"start":{"line":76,"column":47},"end":{"line":95,"column":1}},"line":76},"6":{"name":"(anonymous_6)","decl":{"start":{"line":83,"column":26},"end":{"line":83,"column":27}},"loc":{"start":{"line":83,"column":35},"end":{"line":88,"column":5}},"line":83},"7":{"name":"(anonymous_7)","decl":{"start":{"line":97,"column":26},"end":{"line":97,"column":27}},"loc":{"start":{"line":97,"column":53},"end":{"line":103,"column":1}},"line":97},"8":{"name":"(anonymous_8)","decl":{"start":{"line":105,"column":26},"end":{"line":105,"column":27}},"loc":{"start":{"line":105,"column":44},"end":{"line":108,"column":1}},"line":105},"9":{"name":"(anonymous_9)","decl":{"start":{"line":111,"column":26},"end":{"line":111,"column":27}},"loc":{"start":{"line":111,"column":46},"end":{"line":121,"column":1}},"line":111},"10":{"name":"(anonymous_10)","decl":{"start":{"line":123,"column":24},"end":{"line":123,"column":25}},"loc":{"start":{"line":123,"column":58},"end":{"line":130,"column":1}},"line":123},"11":{"name":"(anonymous_11)","decl":{"start":{"line":132,"column":31},"end":{"line":132,"column":32}},"loc":{"start":{"line":132,"column":58},"end":{"line":138,"column":1}},"line":132},"12":{"name":"(anonymous_12)","decl":{"start":{"line":140,"column":26},"end":{"line":140,"column":27}},"loc":{"start":{"line":140,"column":44},"end":{"line":143,"column":1}},"line":140},"13":{"name":"(anonymous_13)","decl":{"start":{"line":146,"column":31},"end":{"line":146,"column":32}},"loc":{"start":{"line":146,"column":53},"end":{"line":153,"column":1}},"line":146},"14":{"name":"(anonymous_14)","decl":{"start":{"line":148,"column":29},"end":{"line":148,"column":30}},"loc":{"start":{"line":148,"column":38},"end":{"line":152,"column":3}},"line":148},"15":{"name":"(anonymous_15)","decl":{"start":{"line":156,"column":28},"end":{"line":156,"column":29}},"loc":{"start":{"line":156,"column":87},"end":{"line":186,"column":1}},"line":156},"16":{"name":"(anonymous_16)","decl":{"start":{"line":189,"column":35},"end":{"line":189,"column":36}},"loc":{"start":{"line":189,"column":79},"end":{"line":212,"column":1}},"line":189},"17":{"name":"(anonymous_17)","decl":{"start":{"line":215,"column":24},"end":{"line":215,"column":25}},"loc":{"start":{"line":215,"column":42},"end":{"line":236,"column":1}},"line":215},"18":{"name":"(anonymous_18)","decl":{"start":{"line":239,"column":29},"end":{"line":239,"column":30}},"loc":{"start":{"line":239,"column":59},"end":{"line":245,"column":1}},"line":239},"19":{"name":"(anonymous_19)","decl":{"start":{"line":247,"column":38},"end":{"line":247,"column":39}},"loc":{"start":{"line":247,"column":60},"end":{"line":255,"column":1}},"line":247},"20":{"name":"(anonymous_20)","decl":{"start":{"line":251,"column":23},"end":{"line":251,"column":24}},"loc":{"start":{"line":251,"column":37},"end":{"line":254,"column":3}},"line":251},"21":{"name":"(anonymous_21)","decl":{"start":{"line":252,"column":38},"end":{"line":252,"column":39}},"loc":{"start":{"line":252,"column":46},"end":{"line":252,"column":75}},"line":252},"22":{"name":"(anonymous_22)","decl":{"start":{"line":258,"column":18},"end":{"line":258,"column":19}},"loc":{"start":{"line":258,"column":46},"end":{"line":267,"column":1}},"line":258},"23":{"name":"(anonymous_23)","decl":{"start":{"line":270,"column":34},"end":{"line":270,"column":35}},"loc":{"start":{"line":270,"column":80},"end":{"line":279,"column":1}},"line":270},"24":{"name":"(anonymous_24)","decl":{"start":{"line":281,"column":38},"end":{"line":281,"column":39}},"loc":{"start":{"line":281,"column":50},"end":{"line":289,"column":1}},"line":281},"25":{"name":"(anonymous_25)","decl":{"start":{"line":288,"column":32},"end":{"line":288,"column":33}},"loc":{"start":{"line":288,"column":40},"end":{"line":288,"column":69}},"line":288}},"branchMap":{"0":{"loc":{"start":{"line":40,"column":9},"end":{"line":40,"column":75}},"type":"cond-expr","locations":[{"start":{"line":40,"column":29},"end":{"line":40,"column":68}},{"start":{"line":40,"column":71},"end":{"line":40,"column":75}}],"line":40},"1":{"loc":{"start":{"line":149,"column":4},"end":{"line":151,"column":5}},"type":"if","locations":[{"start":{"line":149,"column":4},"end":{"line":151,"column":5}},{"start":{},"end":{}}],"line":149},"2":{"loc":{"start":{"line":156,"column":65},"end":{"line":156,"column":82}},"type":"default-arg","locations":[{"start":{"line":156,"column":78},"end":{"line":156,"column":82}}],"line":156},"3":{"loc":{"start":{"line":219,"column":2},"end":{"line":235,"column":3}},"type":"if","locations":[{"start":{"line":219,"column":2},"end":{"line":235,"column":3}},{"start":{},"end":{}}],"line":219},"4":{"loc":{"start":{"line":222,"column":22},"end":{"line":222,"column":79}},"type":"cond-expr","locations":[{"start":{"line":222,"column":44},"end":{"line":222,"column":62}},{"start":{"line":222,"column":65},"end":{"line":222,"column":79}}],"line":222},"5":{"loc":{"start":{"line":262,"column":2},"end":{"line":265,"column":3}},"type":"if","locations":[{"start":{"line":262,"column":2},"end":{"line":265,"column":3}},{"start":{},"end":{}}],"line":262},"6":{"loc":{"start":{"line":264,"column":11},"end":{"line":264,"column":55}},"type":"binary-expr","locations":[{"start":{"line":264,"column":11},"end":{"line":264,"column":50}},{"start":{"line":264,"column":54},"end":{"line":264,"column":55}}],"line":264},"7":{"loc":{"start":{"line":270,"column":59},"end":{"line":270,"column":75}},"type":"default-arg","locations":[{"start":{"line":270,"column":70},"end":{"line":270,"column":75}}],"line":270}},"s":{"0":0,"1":0,"2":0,"3":0,"4":0,"5":0,"6":0,"7":0,"8":0,"9":0,"10":0,"11":0,"12":0,"13":0,"14":0,"15":0,"16":0,"17":0,"18":0,"19":0,"20":0,"21":0,"22":0,"23":0,"24":0,"25":0,"26":0,"27":0,"28":0,"29":0,"30":0,"31":0,"32":0,"33":0,"34":0,"35":0,"36":0,"37":0,"38":0,"39":0,"40":0,"41":0,"42":0,"43":0,"44":0,"45":0,"46":0,"47":0,"48":0,"49":0,"50":0,"51":0,"52":0,"53":0,"54":0,"55":0,"56":0,"57":0,"58":0,"59":0,"60":0,"61":0,"62":0,"63":0,"64":0,"65":0,"66":0,"67":0,"68":0,"69":0,"70":0,"71":0,"72":0,"73":0,"74":0,"75":0,"76":0,"77":0,"78":0,"79":0,"80":0,"81":0,"82":0,"83":0,"84":0,"85":0,"86":0,"87":0,"88":0,"89":0,"90":0,"91":0,"92":0,"93":0,"94":0,"95":0,"96":0,"97":0,"98":0,"99":0,"100":0,"101":0},"f":{"0":0,"1":0,"2":0,"3":0,"4":0,"5":0,"6":0,"7":0,"8":0,"9":0,"10":0,"11":0,"12":0,"13":0,"14":0,"15":0,"16":0,"17":0,"18":0,"19":0,"20":0,"21":0,"22":0,"23":0,"24":0,"25":0},"b":{"0":[0,0],"1":[0,0],"2":[0],"3":[0,0],"4":[0,0],"5":[0,0],"6":[0,0],"7":[0]}}
,"C:\\Users\\John\\Documents\\Code\\tabletop-army-manager\\src\\utils\\armyParser.js": {"path":"C:\\Users\\John\\Documents\\Code\\tabletop-army-manager\\src\\utils\\armyParser.js","statementMap":{"0":{"start":{"line":4,"column":29},"end":{"line":12,"column":1}},"1":{"start":{"line":6,"column":2},"end":{"line":8,"column":3}},"2":{"start":{"line":7,"column":4},"end":{"line":7,"column":49}},"3":{"start":{"line":11,"column":2},"end":{"line":11,"column":40}},"4":{"start":{"line":14,"column":36},"end":{"line":51,"column":1}},"5":{"start":{"line":15,"column":17},"end":{"line":15,"column":40}},"6":{"start":{"line":16,"column":17},"end":{"line":16,"column":36}},"7":{"start":{"line":18,"column":2},"end":{"line":20,"column":3}},"8":{"start":{"line":19,"column":4},"end":{"line":19,"column":62}},"9":{"start":{"line":22,"column":16},"end":{"line":22,"column":25}},"10":{"start":{"line":23,"column":21},"end":{"line":23,"column":43}},"11":{"start":{"line":26,"column":19},"end":{"line":26,"column":48}},"12":{"start":{"line":29,"column":16},"end":{"line":29,"column":25}},"13":{"start":{"line":30,"column":2},"end":{"line":32,"column":3}},"14":{"start":{"line":31,"column":4},"end":{"line":31,"column":47}},"15":{"start":{"line":34,"column":16},"end":{"line":34,"column":18}},"16":{"start":{"line":37,"column":2},"end":{"line":44,"column":5}},"17":{"start":{"line":38,"column":4},"end":{"line":43,"column":5}},"18":{"start":{"line":39,"column":19},"end":{"line":39,"column":53}},"19":{"start":{"line":40,"column":6},"end":{"line":42,"column":7}},"20":{"start":{"line":41,"column":8},"end":{"line":41,"column":25}},"21":{"start":{"line":46,"column":2},"end":{"line":50,"column":4}},"22":{"start":{"line":53,"column":32},"end":{"line":117,"column":1}},"23":{"start":{"line":54,"column":15},"end":{"line":62,"column":3}},"24":{"start":{"line":65,"column":2},"end":{"line":98,"column":3}},"25":{"start":{"line":66,"column":4},"end":{"line":97,"column":7}},"26":{"start":{"line":67,"column":6},"end":{"line":96,"column":7}},"27":{"start":{"line":69,"column":22},"end":{"line":69,"column":51}},"28":{"start":{"line":70,"column":8},"end":{"line":89,"column":11}},"29":{"start":{"line":71,"column":10},"end":{"line":88,"column":11}},"30":{"start":{"line":73,"column":14},"end":{"line":73,"column":54}},"31":{"start":{"line":74,"column":14},"end":{"line":74,"column":47}},"32":{"start":{"line":75,"column":14},"end":{"line":75,"column":20}},"33":{"start":{"line":77,"column":14},"end":{"line":77,"column":60}},"34":{"start":{"line":78,"column":14},"end":{"line":78,"column":20}},"35":{"start":{"line":80,"column":14},"end":{"line":80,"column":63}},"36":{"start":{"line":81,"column":14},"end":{"line":81,"column":20}},"37":{"start":{"line":83,"column":14},"end":{"line":83,"column":57}},"38":{"start":{"line":84,"column":14},"end":{"line":84,"column":20}},"39":{"start":{"line":86,"column":14},"end":{"line":86,"column":58}},"40":{"start":{"line":87,"column":14},"end":{"line":87,"column":20}},"41":{"start":{"line":90,"column":13},"end":{"line":96,"column":7}},"42":{"start":{"line":92,"column":23},"end":{"line":92,"column":57}},"43":{"start":{"line":93,"column":8},"end":{"line":95,"column":9}},"44":{"start":{"line":94,"column":10},"end":{"line":94,"column":36}},"45":{"start":{"line":101,"column":2},"end":{"line":114,"column":3}},"46":{"start":{"line":102,"column":4},"end":{"line":113,"column":7}},"47":{"start":{"line":103,"column":6},"end":{"line":112,"column":7}},"48":{"start":{"line":104,"column":8},"end":{"line":111,"column":11}},"49":{"start":{"line":105,"column":10},"end":{"line":110,"column":11}},"50":{"start":{"line":106,"column":27},"end":{"line":106,"column":61}},"51":{"start":{"line":107,"column":12},"end":{"line":109,"column":13}},"52":{"start":{"line":108,"column":14},"end":{"line":108,"column":40}},"53":{"start":{"line":116,"column":2},"end":{"line":116,"column":14}},"54":{"start":{"line":119,"column":34},"end":{"line":157,"column":1}},"55":{"start":{"line":120,"column":17},"end":{"line":129,"column":3}},"56":{"start":{"line":132,"column":16},"end":{"line":132,"column":45}},"57":{"start":{"line":133,"column":2},"end":{"line":154,"column":5}},"58":{"start":{"line":134,"column":4},"end":{"line":153,"column":5}},"59":{"start":{"line":136,"column":8},"end":{"line":136,"column":43}},"60":{"start":{"line":137,"column":8},"end":{"line":137,"column":14}},"61":{"start":{"line":139,"column":8},"end":{"line":139,"column":48}},"62":{"start":{"line":140,"column":8},"end":{"line":140,"column":14}},"63":{"start":{"line":142,"column":8},"end":{"line":142,"column":51}},"64":{"start":{"line":143,"column":8},"end":{"line":143,"column":14}},"65":{"start":{"line":145,"column":8},"end":{"line":145,"column":52}},"66":{"start":{"line":146,"column":8},"end":{"line":146,"column":14}},"67":{"start":{"line":148,"column":8},"end":{"line":148,"column":46}},"68":{"start":{"line":149,"column":8},"end":{"line":149,"column":14}},"69":{"start":{"line":151,"column":8},"end":{"line":151,"column":50}},"70":{"start":{"line":152,"column":8},"end":{"line":152,"column":14}},"71":{"start":{"line":156,"column":2},"end":{"line":156,"column":16}},"72":{"start":{"line":159,"column":29},"end":{"line":198,"column":1}},"73":{"start":{"line":161,"column":2},"end":{"line":163,"column":3}},"74":{"start":{"line":162,"column":4},"end":{"line":162,"column":45}},"75":{"start":{"line":165,"column":2},"end":{"line":167,"column":3}},"76":{"start":{"line":166,"column":4},"end":{"line":166,"column":52}},"77":{"start":{"line":170,"column":2},"end":{"line":195,"column":5}},"78":{"start":{"line":171,"column":4},"end":{"line":173,"column":5}},"79":{"start":{"line":172,"column":6},"end":{"line":172,"column":65}},"80":{"start":{"line":176,"column":4},"end":{"line":176,"column":40}},"81":{"start":{"line":177,"column":4},"end":{"line":177,"column":35}},"82":{"start":{"line":178,"column":4},"end":{"line":178,"column":35}},"83":{"start":{"line":179,"column":4},"end":{"line":179,"column":59}},"84":{"start":{"line":180,"column":4},"end":{"line":180,"column":38}},"85":{"start":{"line":183,"column":4},"end":{"line":194,"column":7}},"86":{"start":{"line":184,"column":6},"end":{"line":186,"column":7}},"87":{"start":{"line":185,"column":8},"end":{"line":185,"column":96}},"88":{"start":{"line":187,"column":6},"end":{"line":187,"column":43}},"89":{"start":{"line":188,"column":6},"end":{"line":188,"column":47}},"90":{"start":{"line":189,"column":6},"end":{"line":189,"column":43}},"91":{"start":{"line":190,"column":6},"end":{"line":190,"column":39}},"92":{"start":{"line":191,"column":6},"end":{"line":191,"column":45}},"93":{"start":{"line":192,"column":6},"end":{"line":192,"column":33}},"94":{"start":{"line":193,"column":6},"end":{"line":193,"column":41}},"95":{"start":{"line":197,"column":2},"end":{"line":197,"column":18}},"96":{"start":{"line":200,"column":19},"end":{"line":202,"column":1}},"97":{"start":{"line":201,"column":2},"end":{"line":201,"column":49}}},"fnMap":{"0":{"name":"(anonymous_0)","decl":{"start":{"line":4,"column":29},"end":{"line":4,"column":30}},"loc":{"start":{"line":4,"column":43},"end":{"line":12,"column":1}},"line":4},"1":{"name":"(anonymous_1)","decl":{"start":{"line":14,"column":36},"end":{"line":14,"column":37}},"loc":{"start":{"line":14,"column":58},"end":{"line":51,"column":1}},"line":14},"2":{"name":"(anonymous_2)","decl":{"start":{"line":37,"column":21},"end":{"line":37,"column":22}},"loc":{"start":{"line":37,"column":34},"end":{"line":44,"column":3}},"line":37},"3":{"name":"(anonymous_3)","decl":{"start":{"line":53,"column":32},"end":{"line":53,"column":33}},"loc":{"start":{"line":53,"column":47},"end":{"line":117,"column":1}},"line":53},"4":{"name":"(anonymous_4)","decl":{"start":{"line":66,"column":31},"end":{"line":66,"column":32}},"loc":{"start":{"line":66,"column":42},"end":{"line":97,"column":5}},"line":66},"5":{"name":"(anonymous_5)","decl":{"start":{"line":70,"column":22},"end":{"line":70,"column":23}},"loc":{"start":{"line":70,"column":30},"end":{"line":89,"column":9}},"line":70},"6":{"name":"(anonymous_6)","decl":{"start":{"line":102,"column":33},"end":{"line":102,"column":34}},"loc":{"start":{"line":102,"column":49},"end":{"line":113,"column":5}},"line":102},"7":{"name":"(anonymous_7)","decl":{"start":{"line":104,"column":38},"end":{"line":104,"column":39}},"loc":{"start":{"line":104,"column":49},"end":{"line":111,"column":9}},"line":104},"8":{"name":"(anonymous_8)","decl":{"start":{"line":119,"column":34},"end":{"line":119,"column":35}},"loc":{"start":{"line":119,"column":47},"end":{"line":157,"column":1}},"line":119},"9":{"name":"(anonymous_9)","decl":{"start":{"line":133,"column":16},"end":{"line":133,"column":17}},"loc":{"start":{"line":133,"column":24},"end":{"line":154,"column":3}},"line":133},"10":{"name":"(anonymous_10)","decl":{"start":{"line":159,"column":29},"end":{"line":159,"column":30}},"loc":{"start":{"line":159,"column":43},"end":{"line":198,"column":1}},"line":159},"11":{"name":"(anonymous_11)","decl":{"start":{"line":170,"column":25},"end":{"line":170,"column":26}},"loc":{"start":{"line":170,"column":42},"end":{"line":195,"column":3}},"line":170},"12":{"name":"(anonymous_12)","decl":{"start":{"line":183,"column":25},"end":{"line":183,"column":26}},"loc":{"start":{"line":183,"column":50},"end":{"line":194,"column":5}},"line":183},"13":{"name":"(anonymous_13)","decl":{"start":{"line":200,"column":19},"end":{"line":200,"column":20}},"loc":{"start":{"line":200,"column":25},"end":{"line":202,"column":1}},"line":200}},"branchMap":{"0":{"loc":{"start":{"line":6,"column":2},"end":{"line":8,"column":3}},"type":"if","locations":[{"start":{"line":6,"column":2},"end":{"line":8,"column":3}},{"start":{},"end":{}}],"line":6},"1":{"loc":{"start":{"line":16,"column":17},"end":{"line":16,"column":36}},"type":"binary-expr","locations":[{"start":{"line":16,"column":17},"end":{"line":16,"column":30}},{"start":{"line":16,"column":34},"end":{"line":16,"column":36}}],"line":16},"2":{"loc":{"start":{"line":18,"column":2},"end":{"line":20,"column":3}},"type":"if","locations":[{"start":{"line":18,"column":2},"end":{"line":20,"column":3}},{"start":{},"end":{}}],"line":18},"3":{"loc":{"start":{"line":23,"column":21},"end":{"line":23,"column":43}},"type":"binary-expr","locations":[{"start":{"line":23,"column":21},"end":{"line":23,"column":37}},{"start":{"line":23,"column":41},"end":{"line":23,"column":43}}],"line":23},"4":{"loc":{"start":{"line":26,"column":19},"end":{"line":26,"column":48}},"type":"binary-expr","locations":[{"start":{"line":26,"column":19},"end":{"line":26,"column":29}},{"start":{"line":26,"column":33},"end":{"line":26,"column":48}}],"line":26},"5":{"loc":{"start":{"line":30,"column":2},"end":{"line":32,"column":3}},"type":"if","locations":[{"start":{"line":30,"column":2},"end":{"line":32,"column":3}},{"start":{},"end":{}}],"line":30},"6":{"loc":{"start":{"line":30,"column":6},"end":{"line":30,"column":43}},"type":"binary-expr","locations":[{"start":{"line":30,"column":6},"end":{"line":30,"column":17}},{"start":{"line":30,"column":21},"end":{"line":30,"column":43}}],"line":30},"7":{"loc":{"start":{"line":31,"column":14},"end":{"line":31,"column":46}},"type":"binary-expr","locations":[{"start":{"line":31,"column":14},"end":{"line":31,"column":33}},{"start":{"line":31,"column":37},"end":{"line":31,"column":46}}],"line":31},"8":{"loc":{"start":{"line":38,"column":4},"end":{"line":43,"column":5}},"type":"if","locations":[{"start":{"line":38,"column":4},"end":{"line":43,"column":5}},{"start":{},"end":{}}],"line":38},"9":{"loc":{"start":{"line":38,"column":8},"end":{"line":38,"column":63}},"type":"binary-expr","locations":[{"start":{"line":38,"column":8},"end":{"line":38,"column":34}},{"start":{"line":38,"column":38},"end":{"line":38,"column":63}}],"line":38},"10":{"loc":{"start":{"line":40,"column":6},"end":{"line":42,"column":7}},"type":"if","locations":[{"start":{"line":40,"column":6},"end":{"line":42,"column":7}},{"start":{},"end":{}}],"line":40},"11":{"loc":{"start":{"line":55,"column":8},"end":{"line":55,"column":36}},"type":"binary-expr","locations":[{"start":{"line":55,"column":8},"end":{"line":55,"column":20}},{"start":{"line":55,"column":24},"end":{"line":55,"column":36}}],"line":55},"12":{"loc":{"start":{"line":56,"column":10},"end":{"line":56,"column":42}},"type":"binary-expr","locations":[{"start":{"line":56,"column":10},"end":{"line":56,"column":24}},{"start":{"line":56,"column":28},"end":{"line":56,"column":42}}],"line":56},"13":{"loc":{"start":{"line":58,"column":12},"end":{"line":58,"column":33}},"type":"binary-expr","locations":[{"start":{"line":58,"column":12},"end":{"line":58,"column":28}},{"start":{"line":58,"column":32},"end":{"line":58,"column":33}}],"line":58},"14":{"loc":{"start":{"line":65,"column":2},"end":{"line":98,"column":3}},"type":"if","locations":[{"start":{"line":65,"column":2},"end":{"line":98,"column":3}},{"start":{},"end":{}}],"line":65},"15":{"loc":{"start":{"line":67,"column":6},"end":{"line":96,"column":7}},"type":"if","locations":[{"start":{"line":67,"column":6},"end":{"line":96,"column":7}},{"start":{"line":90,"column":13},"end":{"line":96,"column":7}}],"line":67},"16":{"loc":{"start":{"line":69,"column":22},"end":{"line":69,"column":51}},"type":"binary-expr","locations":[{"start":{"line":69,"column":22},"end":{"line":69,"column":45}},{"start":{"line":69,"column":49},"end":{"line":69,"column":51}}],"line":69},"17":{"loc":{"start":{"line":71,"column":10},"end":{"line":88,"column":11}},"type":"switch","locations":[{"start":{"line":72,"column":12},"end":{"line":75,"column":20}},{"start":{"line":76,"column":12},"end":{"line":78,"column":20}},{"start":{"line":79,"column":12},"end":{"line":81,"column":20}},{"start":{"line":82,"column":12},"end":{"line":84,"column":20}},{"start":{"line":85,"column":12},"end":{"line":87,"column":20}}],"line":71},"18":{"loc":{"start":{"line":73,"column":28},"end":{"line":73,"column":53}},"type":"binary-expr","locations":[{"start":{"line":73,"column":28},"end":{"line":73,"column":48}},{"start":{"line":73,"column":52},"end":{"line":73,"column":53}}],"line":73},"19":{"loc":{"start":{"line":77,"column":34},"end":{"line":77,"column":59}},"type":"binary-expr","locations":[{"start":{"line":77,"column":34},"end":{"line":77,"column":54}},{"start":{"line":77,"column":58},"end":{"line":77,"column":59}}],"line":77},"20":{"loc":{"start":{"line":80,"column":37},"end":{"line":80,"column":62}},"type":"binary-expr","locations":[{"start":{"line":80,"column":37},"end":{"line":80,"column":57}},{"start":{"line":80,"column":61},"end":{"line":80,"column":62}}],"line":80},"21":{"loc":{"start":{"line":83,"column":31},"end":{"line":83,"column":56}},"type":"binary-expr","locations":[{"start":{"line":83,"column":31},"end":{"line":83,"column":51}},{"start":{"line":83,"column":55},"end":{"line":83,"column":56}}],"line":83},"22":{"loc":{"start":{"line":86,"column":32},"end":{"line":86,"column":57}},"type":"binary-expr","locations":[{"start":{"line":86,"column":32},"end":{"line":86,"column":52}},{"start":{"line":86,"column":56},"end":{"line":86,"column":57}}],"line":86},"23":{"loc":{"start":{"line":90,"column":13},"end":{"line":96,"column":7}},"type":"if","locations":[{"start":{"line":90,"column":13},"end":{"line":96,"column":7}},{"start":{},"end":{}}],"line":90},"24":{"loc":{"start":{"line":93,"column":8},"end":{"line":95,"column":9}},"type":"if","locations":[{"start":{"line":93,"column":8},"end":{"line":95,"column":9}},{"start":{},"end":{}}],"line":93},"25":{"loc":{"start":{"line":101,"column":2},"end":{"line":114,"column":3}},"type":"if","locations":[{"start":{"line":101,"column":2},"end":{"line":114,"column":3}},{"start":{},"end":{}}],"line":101},"26":{"loc":{"start":{"line":103,"column":6},"end":{"line":112,"column":7}},"type":"if","locations":[{"start":{"line":103,"column":6},"end":{"line":112,"column":7}},{"start":{},"end":{}}],"line":103},"27":{"loc":{"start":{"line":105,"column":10},"end":{"line":110,"column":11}},"type":"if","locations":[{"start":{"line":105,"column":10},"end":{"line":110,"column":11}},{"start":{},"end":{}}],"line":105},"28":{"loc":{"start":{"line":107,"column":12},"end":{"line":109,"column":13}},"type":"if","locations":[{"start":{"line":107,"column":12},"end":{"line":109,"column":13}},{"start":{},"end":{}}],"line":107},"29":{"loc":{"start":{"line":121,"column":10},"end":{"line":121,"column":42}},"type":"binary-expr","locations":[{"start":{"line":121,"column":10},"end":{"line":121,"column":22}},{"start":{"line":121,"column":26},"end":{"line":121,"column":42}}],"line":121},"30":{"loc":{"start":{"line":132,"column":16},"end":{"line":132,"column":45}},"type":"binary-expr","locations":[{"start":{"line":132,"column":16},"end":{"line":132,"column":39}},{"start":{"line":132,"column":43},"end":{"line":132,"column":45}}],"line":132},"31":{"loc":{"start":{"line":134,"column":4},"end":{"line":153,"column":5}},"type":"switch","locations":[{"start":{"line":135,"column":6},"end":{"line":137,"column":14}},{"start":{"line":138,"column":6},"end":{"line":140,"column":14}},{"start":{"line":141,"column":6},"end":{"line":143,"column":14}},{"start":{"line":144,"column":6},"end":{"line":146,"column":14}},{"start":{"line":147,"column":6},"end":{"line":149,"column":14}},{"start":{"line":150,"column":6},"end":{"line":152,"column":14}}],"line":134},"32":{"loc":{"start":{"line":136,"column":23},"end":{"line":136,"column":42}},"type":"binary-expr","locations":[{"start":{"line":136,"column":23},"end":{"line":136,"column":33}},{"start":{"line":136,"column":37},"end":{"line":136,"column":42}}],"line":136},"33":{"loc":{"start":{"line":139,"column":22},"end":{"line":139,"column":47}},"type":"binary-expr","locations":[{"start":{"line":139,"column":22},"end":{"line":139,"column":32}},{"start":{"line":139,"column":36},"end":{"line":139,"column":47}}],"line":139},"34":{"loc":{"start":{"line":142,"column":25},"end":{"line":142,"column":50}},"type":"binary-expr","locations":[{"start":{"line":142,"column":25},"end":{"line":142,"column":45}},{"start":{"line":142,"column":49},"end":{"line":142,"column":50}}],"line":142},"35":{"loc":{"start":{"line":145,"column":26},"end":{"line":145,"column":51}},"type":"binary-expr","locations":[{"start":{"line":145,"column":26},"end":{"line":145,"column":46}},{"start":{"line":145,"column":50},"end":{"line":145,"column":51}}],"line":145},"36":{"loc":{"start":{"line":148,"column":20},"end":{"line":148,"column":45}},"type":"binary-expr","locations":[{"start":{"line":148,"column":20},"end":{"line":148,"column":40}},{"start":{"line":148,"column":44},"end":{"line":148,"column":45}}],"line":148},"37":{"loc":{"start":{"line":151,"column":24},"end":{"line":151,"column":49}},"type":"binary-expr","locations":[{"start":{"line":151,"column":24},"end":{"line":151,"column":44}},{"start":{"line":151,"column":48},"end":{"line":151,"column":49}}],"line":151},"38":{"loc":{"start":{"line":161,"column":2},"end":{"line":163,"column":3}},"type":"if","locations":[{"start":{"line":161,"column":2},"end":{"line":163,"column":3}},{"start":{},"end":{}}],"line":161},"39":{"loc":{"start":{"line":165,"column":2},"end":{"line":167,"column":3}},"type":"if","locations":[{"start":{"line":165,"column":2},"end":{"line":167,"column":3}},{"start":{},"end":{}}],"line":165},"40":{"loc":{"start":{"line":165,"column":6},"end":{"line":165,"column":55}},"type":"binary-expr","locations":[{"start":{"line":165,"column":6},"end":{"line":165,"column":21}},{"start":{"line":165,"column":25},"end":{"line":165,"column":55}}],"line":165},"41":{"loc":{"start":{"line":171,"column":4},"end":{"line":173,"column":5}},"type":"if","locations":[{"start":{"line":171,"column":4},"end":{"line":173,"column":5}},{"start":{},"end":{}}],"line":171},"42":{"loc":{"start":{"line":176,"column":16},"end":{"line":176,"column":39}},"type":"binary-expr","locations":[{"start":{"line":176,"column":16},"end":{"line":176,"column":25}},{"start":{"line":176,"column":29},"end":{"line":176,"column":39}}],"line":176},"43":{"loc":{"start":{"line":177,"column":18},"end":{"line":177,"column":34}},"type":"binary-expr","locations":[{"start":{"line":177,"column":18},"end":{"line":177,"column":29}},{"start":{"line":177,"column":33},"end":{"line":177,"column":34}}],"line":177},"44":{"loc":{"start":{"line":178,"column":18},"end":{"line":178,"column":34}},"type":"binary-expr","locations":[{"start":{"line":178,"column":18},"end":{"line":178,"column":29}},{"start":{"line":178,"column":33},"end":{"line":178,"column":34}}],"line":178},"45":{"loc":{"start":{"line":179,"column":25},"end":{"line":179,"column":58}},"type":"binary-expr","locations":[{"start":{"line":179,"column":25},"end":{"line":179,"column":43}},{"start":{"line":179,"column":47},"end":{"line":179,"column":58}}],"line":179},"46":{"loc":{"start":{"line":180,"column":19},"end":{"line":180,"column":37}},"type":"binary-expr","locations":[{"start":{"line":180,"column":19},"end":{"line":180,"column":31}},{"start":{"line":180,"column":35},"end":{"line":180,"column":37}}],"line":180},"47":{"loc":{"start":{"line":184,"column":6},"end":{"line":186,"column":7}},"type":"if","locations":[{"start":{"line":184,"column":6},"end":{"line":186,"column":7}},{"start":{},"end":{}}],"line":184},"48":{"loc":{"start":{"line":187,"column":21},"end":{"line":187,"column":42}},"type":"binary-expr","locations":[{"start":{"line":187,"column":21},"end":{"line":187,"column":33}},{"start":{"line":187,"column":37},"end":{"line":187,"column":42}}],"line":187},"49":{"loc":{"start":{"line":188,"column":20},"end":{"line":188,"column":46}},"type":"binary-expr","locations":[{"start":{"line":188,"column":20},"end":{"line":188,"column":31}},{"start":{"line":188,"column":35},"end":{"line":188,"column":46}}],"line":188},"50":{"loc":{"start":{"line":189,"column":23},"end":{"line":189,"column":42}},"type":"binary-expr","locations":[{"start":{"line":189,"column":23},"end":{"line":189,"column":37}},{"start":{"line":189,"column":41},"end":{"line":189,"column":42}}],"line":189},"51":{"loc":{"start":{"line":190,"column":21},"end":{"line":190,"column":38}},"type":"binary-expr","locations":[{"start":{"line":190,"column":21},"end":{"line":190,"column":33}},{"start":{"line":190,"column":37},"end":{"line":190,"column":38}}],"line":190},"52":{"loc":{"start":{"line":191,"column":24},"end":{"line":191,"column":44}},"type":"binary-expr","locations":[{"start":{"line":191,"column":24},"end":{"line":191,"column":39}},{"start":{"line":191,"column":43},"end":{"line":191,"column":44}}],"line":191},"53":{"loc":{"start":{"line":192,"column":18},"end":{"line":192,"column":32}},"type":"binary-expr","locations":[{"start":{"line":192,"column":18},"end":{"line":192,"column":27}},{"start":{"line":192,"column":31},"end":{"line":192,"column":32}}],"line":192},"54":{"loc":{"start":{"line":193,"column":22},"end":{"line":193,"column":40}},"type":"binary-expr","locations":[{"start":{"line":193,"column":22},"end":{"line":193,"column":35}},{"start":{"line":193,"column":39},"end":{"line":193,"column":40}}],"line":193}},"s":{"0":1,"1":15,"2":6,"3":9,"4":1,"5":6,"6":6,"7":6,"8":2,"9":4,"10":4,"11":4,"12":4,"13":4,"14":1,"15":4,"16":4,"17":3,"18":3,"19":3,"20":3,"21":4,"22":1,"23":3,"24":3,"25":2,"26":3,"27":2,"28":2,"29":7,"30":2,"31":2,"32":2,"33":2,"34":2,"35":1,"36":1,"37":1,"38":1,"39":1,"40":1,"41":1,"42":1,"43":1,"44":1,"45":3,"46":1,"47":1,"48":1,"49":1,"50":1,"51":1,"52":1,"53":3,"54":1,"55":2,"56":2,"57":2,"58":10,"59":2,"60":2,"61":2,"62":2,"63":1,"64":1,"65":2,"66":2,"67":2,"68":2,"69":1,"70":1,"71":2,"72":1,"73":9,"74":1,"75":8,"76":1,"77":7,"78":6,"79":1,"80":5,"81":5,"82":5,"83":5,"84":5,"85":5,"86":3,"87":1,"88":2,"89":2,"90":2,"91":2,"92":2,"93":2,"94":2,"95":5,"96":1,"97":1},"f":{"0":15,"1":6,"2":3,"3":3,"4":3,"5":7,"6":1,"7":1,"8":2,"9":10,"10":9,"11":6,"12":3,"13":1},"b":{"0":[6,9],"1":[6,1],"2":[2,4],"3":[4,0],"4":[4,3],"5":[1,3],"6":[4,1],"7":[1,0],"8":[3,0],"9":[3,2],"10":[3,0],"11":[3,1],"12":[3,0],"13":[3,2],"14":[2,1],"15":[2,1],"16":[2,0],"17":[2,2,1,1,1],"18":[2,1],"19":[2,0],"20":[1,0],"21":[1,0],"22":[1,0],"23":[1,0],"24":[1,0],"25":[1,2],"26":[1,0],"27":[1,0],"28":[1,0],"29":[2,0],"30":[2,0],"31":[2,2,1,2,2,1],"32":[2,0],"33":[2,0],"34":[1,0],"35":[2,0],"36":[2,1],"37":[1,0],"38":[1,8],"39":[1,7],"40":[8,7],"41":[1,5],"42":[5,4],"43":[5,4],"44":[5,4],"45":[5,5],"46":[5,1],"47":[1,2],"48":[2,1],"49":[2,1],"50":[2,2],"51":[2,2],"52":[2,2],"53":[2,2],"54":[2,2]},"_coverageSchema":"1a1c01bbd47fc00a2c39e90264f33305004495a9","hash":"3c7d9c001e68b4f0287cdf6c84e242e15c63b493"}
}
