TN:
SF:src\App.js
FN:8,App
FN:14,(anonymous_1)
FN:15,(anonymous_2)
FN:20,(anonymous_3)
FN:23,(anonymous_4)
FN:31,(anonymous_5)
FN:41,(anonymous_6)
FN:82,(anonymous_7)
FN:89,(anonymous_8)
FNF:9
FNH:0
FNDA:0,App
FNDA:0,(anonymous_1)
FNDA:0,(anonymous_2)
FNDA:0,(anonymous_3)
FNDA:0,(anonymous_4)
FNDA:0,(anonymous_5)
FNDA:0,(anonymous_6)
FNDA:0,(anonymous_7)
FNDA:0,(anonymous_8)
DA:9,0
DA:10,0
DA:11,0
DA:12,0
DA:14,0
DA:15,0
DA:16,0
DA:17,0
DA:20,0
DA:23,0
DA:24,0
DA:25,0
DA:27,0
DA:31,0
DA:32,0
DA:33,0
DA:34,0
DA:35,0
DA:37,0
DA:41,0
DA:42,0
DA:43,0
DA:46,0
DA:47,0
DA:54,0
DA:55,0
DA:68,0
DA:82,0
DA:89,0
LF:29
LH:0
BRDA:46,0,0,0
BRDA:46,0,1,0
BRDA:54,1,0,0
BRDA:54,1,1,0
BRDA:83,2,0,0
BRDA:83,2,1,0
BRDA:87,3,0,0
BRDA:87,3,1,0
BRDA:90,4,0,0
BRDA:90,4,1,0
BRDA:98,5,0,0
BRDA:98,5,1,0
BRDA:101,6,0,0
BRDA:101,6,1,0
BRDA:101,6,2,0
BRF:15
BRH:0
end_of_record
TN:
SF:src\index.js
FNF:0
FNH:0
DA:6,0
DA:7,0
LF:2
LH:0
BRF:0
BRH:0
end_of_record
TN:
SF:src\components\ArmyManager.js
FN:5,(anonymous_0)
FN:12,(anonymous_1)
FN:16,(anonymous_2)
FN:27,(anonymous_3)
FN:52,(anonymous_4)
FN:89,(anonymous_5)
FN:112,(anonymous_6)
FN:166,(anonymous_7)
FN:173,(anonymous_8)
FN:191,(anonymous_9)
FNF:10
FNH:0
FNDA:0,(anonymous_0)
FNDA:0,(anonymous_1)
FNDA:0,(anonymous_2)
FNDA:0,(anonymous_3)
FNDA:0,(anonymous_4)
FNDA:0,(anonymous_5)
FNDA:0,(anonymous_6)
FNDA:0,(anonymous_7)
FNDA:0,(anonymous_8)
FNDA:0,(anonymous_9)
DA:5,0
DA:6,0
DA:7,0
DA:8,0
DA:9,0
DA:10,0
DA:12,0
DA:13,0
DA:16,0
DA:17,0
DA:18,0
DA:19,0
DA:21,0
DA:23,0
DA:27,0
DA:28,0
DA:29,0
DA:31,0
DA:33,0
DA:34,0
DA:35,0
DA:38,0
DA:41,0
DA:42,0
DA:45,0
DA:47,0
DA:48,0
DA:52,0
DA:54,0
DA:81,0
DA:82,0
DA:83,0
DA:85,0
DA:89,0
DA:90,0
DA:91,0
DA:105,0
DA:106,0
DA:108,0
DA:112,0
DA:113,0
DA:115,0
DA:117,0
DA:118,0
DA:119,0
DA:120,0
DA:122,0
DA:125,0
DA:129,0
DA:130,0
DA:133,0
DA:167,0
DA:173,0
DA:191,0
LF:54
LH:0
BRDA:29,0,0,0
BRDA:29,0,1,0
BRDA:48,1,0,0
BRDA:48,1,1,0
BRDA:113,2,0,0
BRDA:113,2,1,0
BRDA:117,3,0,0
BRDA:117,3,1,0
BRDA:118,4,0,0
BRDA:118,4,1,0
BRDA:129,5,0,0
BRDA:129,5,1,0
BRDA:154,6,0,0
BRDA:154,6,1,0
BRDA:161,7,0,0
BRDA:161,7,1,0
BRDA:170,8,0,0
BRDA:170,8,1,0
BRF:18
BRH:0
end_of_record
TN:
SF:src\components\ConfirmDialog.js
FN:3,(anonymous_0)
FN:8,(anonymous_1)
FNF:2
FNH:2
FNDA:22,(anonymous_0)
FNDA:7,(anonymous_1)
DA:3,1
DA:4,22
DA:6,20
DA:8,7
LF:4
LH:4
BRDA:3,0,0,20
BRDA:3,1,0,21
BRDA:3,2,0,19
BRDA:4,3,0,2
BRDA:4,3,1,20
BRDA:23,4,0,2
BRDA:23,4,1,18
BRF:7
BRH:7
end_of_record
TN:
SF:src\components\GameDashboard.js
FN:6,(anonymous_0)
FN:16,(anonymous_1)
FN:20,(anonymous_2)
FN:24,(anonymous_3)
FN:35,(anonymous_4)
FN:43,(anonymous_5)
FN:95,(anonymous_6)
FN:109,(anonymous_7)
FN:117,(anonymous_8)
FN:128,(anonymous_9)
FN:132,(anonymous_10)
FN:142,(anonymous_11)
FN:158,(anonymous_12)
FN:181,(anonymous_13)
FN:218,(anonymous_14)
FN:233,(anonymous_15)
FN:243,(anonymous_16)
FN:249,(anonymous_17)
FN:269,(anonymous_18)
FNF:19
FNH:0
FNDA:0,(anonymous_0)
FNDA:0,(anonymous_1)
FNDA:0,(anonymous_2)
FNDA:0,(anonymous_3)
FNDA:0,(anonymous_4)
FNDA:0,(anonymous_5)
FNDA:0,(anonymous_6)
FNDA:0,(anonymous_7)
FNDA:0,(anonymous_8)
FNDA:0,(anonymous_9)
FNDA:0,(anonymous_10)
FNDA:0,(anonymous_11)
FNDA:0,(anonymous_12)
FNDA:0,(anonymous_13)
FNDA:0,(anonymous_14)
FNDA:0,(anonymous_15)
FNDA:0,(anonymous_16)
FNDA:0,(anonymous_17)
FNDA:0,(anonymous_18)
DA:6,0
DA:7,0
DA:8,0
DA:9,0
DA:10,0
DA:11,0
DA:12,0
DA:13,0
DA:14,0
DA:16,0
DA:17,0
DA:20,0
DA:21,0
DA:22,0
DA:24,0
DA:25,0
DA:27,0
DA:29,0
DA:31,0
DA:35,0
DA:36,0
DA:37,0
DA:39,0
DA:40,0
DA:43,0
DA:44,0
DA:45,0
DA:46,0
DA:49,0
DA:50,0
DA:51,0
DA:54,0
DA:57,0
DA:79,0
DA:82,0
DA:83,0
DA:84,0
DA:85,0
DA:88,0
DA:90,0
DA:91,0
DA:95,0
DA:96,0
DA:98,0
DA:101,0
DA:102,0
DA:104,0
DA:105,0
DA:109,0
DA:110,0
DA:117,0
DA:118,0
DA:119,0
DA:120,0
DA:121,0
DA:123,0
DA:124,0
DA:128,0
DA:129,0
DA:132,0
DA:133,0
DA:142,0
DA:143,0
DA:144,0
DA:145,0
DA:148,0
DA:149,0
DA:152,0
DA:158,0
DA:181,0
DA:219,0
DA:234,0
DA:243,0
DA:249,0
DA:269,0
LF:75
LH:0
BRDA:37,0,0,0
BRDA:37,0,1,0
BRDA:44,1,0,0
BRDA:44,1,1,0
BRDA:44,2,0,0
BRDA:44,2,1,0
BRDA:91,3,0,0
BRDA:91,3,1,0
BRDA:96,4,0,0
BRDA:96,4,1,0
BRDA:143,5,0,0
BRDA:143,5,1,0
BRDA:144,6,0,0
BRDA:144,6,1,0
BRDA:148,7,0,0
BRDA:148,7,1,0
BRDA:161,8,0,0
BRDA:161,8,1,0
BRDA:166,9,0,0
BRDA:166,9,1,0
BRDA:172,10,0,0
BRDA:172,10,1,0
BRDA:197,11,0,0
BRDA:197,11,1,0
BRDA:211,12,0,0
BRDA:211,12,1,0
BRDA:227,13,0,0
BRDA:227,13,1,0
BRDA:228,14,0,0
BRDA:228,14,1,0
BRDA:233,15,0,0
BRDA:233,15,1,0
BRDA:235,16,0,0
BRDA:235,16,1,0
BRDA:236,17,0,0
BRDA:236,17,1,0
BRDA:246,18,0,0
BRDA:246,18,1,0
BRF:38
BRH:0
end_of_record
TN:
SF:src\components\GameSession.js
FN:4,(anonymous_0)
FN:13,(anonymous_1)
FN:15,(anonymous_2)
FN:21,(anonymous_3)
FN:25,(anonymous_4)
FN:31,(anonymous_5)
FN:49,(anonymous_6)
FN:61,(anonymous_7)
FN:83,(anonymous_8)
FN:112,(anonymous_9)
FN:116,(anonymous_10)
FN:139,(anonymous_11)
FN:162,(anonymous_12)
FN:168,(anonymous_13)
FN:196,(anonymous_14)
FN:207,(anonymous_15)
FNF:16
FNH:0
FNDA:0,(anonymous_0)
FNDA:0,(anonymous_1)
FNDA:0,(anonymous_2)
FNDA:0,(anonymous_3)
FNDA:0,(anonymous_4)
FNDA:0,(anonymous_5)
FNDA:0,(anonymous_6)
FNDA:0,(anonymous_7)
FNDA:0,(anonymous_8)
FNDA:0,(anonymous_9)
FNDA:0,(anonymous_10)
FNDA:0,(anonymous_11)
FNDA:0,(anonymous_12)
FNDA:0,(anonymous_13)
FNDA:0,(anonymous_14)
FNDA:0,(anonymous_15)
DA:4,0
DA:5,0
DA:6,0
DA:7,0
DA:8,0
DA:9,0
DA:10,0
DA:11,0
DA:13,0
DA:15,0
DA:16,0
DA:17,0
DA:21,0
DA:22,0
DA:25,0
DA:26,0
DA:27,0
DA:31,0
DA:32,0
DA:34,0
DA:35,0
DA:41,0
DA:42,0
DA:43,0
DA:45,0
DA:49,0
DA:50,0
DA:52,0
DA:53,0
DA:54,0
DA:55,0
DA:57,0
DA:61,0
DA:62,0
DA:63,0
DA:65,0
DA:69,0
DA:70,0
DA:73,0
DA:74,0
DA:77,0
DA:78,0
DA:79,0
DA:82,0
DA:83,0
DA:86,0
DA:96,0
DA:113,0
DA:116,0
DA:139,0
DA:162,0
DA:168,0
DA:197,0
DA:208,0
LF:54
LH:0
BRDA:32,0,0,0
BRDA:32,0,1,0
BRDA:32,1,0,0
BRDA:32,1,1,0
BRDA:38,2,0,0
BRDA:38,2,1,0
BRDA:50,3,0,0
BRDA:50,3,1,0
BRDA:50,4,0,0
BRDA:50,4,1,0
BRDA:69,5,0,0
BRDA:69,5,1,0
BRDA:73,6,0,0
BRDA:73,6,1,0
BRDA:77,7,0,0
BRDA:77,7,1,0
BRDA:83,8,0,0
BRDA:83,8,1,0
BRDA:101,9,0,0
BRDA:101,9,1,0
BRDA:102,10,0,0
BRDA:102,10,1,0
BRDA:115,11,0,0
BRDA:115,11,1,0
BRDA:120,12,0,0
BRDA:120,12,1,0
BRDA:122,13,0,0
BRDA:122,13,1,0
BRDA:144,14,0,0
BRDA:144,14,1,0
BRDA:150,15,0,0
BRDA:150,15,1,0
BRDA:173,16,0,0
BRDA:173,16,1,0
BRDA:196,17,0,0
BRDA:196,17,1,0
BRDA:211,18,0,0
BRDA:211,18,1,0
BRDA:212,19,0,0
BRDA:212,19,1,0
BRDA:213,20,0,0
BRDA:213,20,1,0
BRF:42
BRH:0
end_of_record
TN:
SF:src\firebase\auth.js
FN:17,(anonymous_0)
FN:40,(anonymous_1)
FN:50,(anonymous_2)
FN:70,(anonymous_3)
FN:79,(anonymous_4)
FN:84,(anonymous_5)
FNF:6
FNH:0
FNDA:0,(anonymous_0)
FNDA:0,(anonymous_1)
FNDA:0,(anonymous_2)
FNDA:0,(anonymous_3)
FNDA:0,(anonymous_4)
FNDA:0,(anonymous_5)
DA:14,0
DA:17,0
DA:18,0
DA:19,0
DA:20,0
DA:23,0
DA:26,0
DA:33,0
DA:35,0
DA:40,0
DA:41,0
DA:42,0
DA:43,0
DA:45,0
DA:50,0
DA:51,0
DA:52,0
DA:53,0
DA:56,0
DA:63,0
DA:65,0
DA:70,0
DA:71,0
DA:72,0
DA:74,0
DA:79,0
DA:80,0
DA:84,0
DA:85,0
LF:29
LH:0
BRF:0
BRH:0
end_of_record
TN:
SF:src\firebase\config.js
FNF:0
FNH:0
DA:6,0
DA:16,0
DA:19,0
DA:20,0
DA:23,0
DA:24,0
DA:25,0
DA:28,0
DA:31,0
DA:32,0
DA:35,0
LF:11
LH:0
BRDA:23,0,0,0
BRDA:23,0,1,0
BRF:2
BRH:0
end_of_record
TN:
SF:src\firebase\database.js
FN:28,(anonymous_0)
FN:37,(anonymous_1)
FN:44,(anonymous_2)
FN:55,(anonymous_3)
FN:62,(anonymous_4)
FN:76,(anonymous_5)
FN:83,(anonymous_6)
FN:97,(anonymous_7)
FN:105,(anonymous_8)
FN:111,(anonymous_9)
FN:123,(anonymous_10)
FN:132,(anonymous_11)
FN:140,(anonymous_12)
FN:146,(anonymous_13)
FN:148,(anonymous_14)
FN:156,(anonymous_15)
FN:189,(anonymous_16)
FN:215,(anonymous_17)
FN:239,(anonymous_18)
FN:247,(anonymous_19)
FN:251,(anonymous_20)
FN:252,(anonymous_21)
FN:258,(anonymous_22)
FN:270,(anonymous_23)
FN:281,(anonymous_24)
FN:288,(anonymous_25)
FNF:26
FNH:0
FNDA:0,(anonymous_0)
FNDA:0,(anonymous_1)
FNDA:0,(anonymous_2)
FNDA:0,(anonymous_3)
FNDA:0,(anonymous_4)
FNDA:0,(anonymous_5)
FNDA:0,(anonymous_6)
FNDA:0,(anonymous_7)
FNDA:0,(anonymous_8)
FNDA:0,(anonymous_9)
FNDA:0,(anonymous_10)
FNDA:0,(anonymous_11)
FNDA:0,(anonymous_12)
FNDA:0,(anonymous_13)
FNDA:0,(anonymous_14)
FNDA:0,(anonymous_15)
FNDA:0,(anonymous_16)
FNDA:0,(anonymous_17)
FNDA:0,(anonymous_18)
FNDA:0,(anonymous_19)
FNDA:0,(anonymous_20)
FNDA:0,(anonymous_21)
FNDA:0,(anonymous_22)
FNDA:0,(anonymous_23)
FNDA:0,(anonymous_24)
FNDA:0,(anonymous_25)
DA:20,0
DA:28,0
DA:29,0
DA:30,0
DA:37,0
DA:38,0
DA:39,0
DA:40,0
DA:44,0
DA:45,0
DA:51,0
DA:55,0
DA:56,0
DA:57,0
DA:58,0
DA:59,0
DA:61,0
DA:62,0
DA:63,0
DA:69,0
DA:71,0
DA:72,0
DA:76,0
DA:77,0
DA:78,0
DA:79,0
DA:80,0
DA:82,0
DA:83,0
DA:84,0
DA:90,0
DA:92,0
DA:93,0
DA:97,0
DA:98,0
DA:99,0
DA:105,0
DA:106,0
DA:107,0
DA:111,0
DA:112,0
DA:120,0
DA:123,0
DA:124,0
DA:125,0
DA:132,0
DA:133,0
DA:134,0
DA:140,0
DA:141,0
DA:142,0
DA:146,0
DA:147,0
DA:148,0
DA:149,0
DA:150,0
DA:156,0
DA:157,0
DA:158,0
DA:165,0
DA:174,0
DA:176,0
DA:179,0
DA:189,0
DA:190,0
DA:191,0
DA:200,0
DA:206,0
DA:215,0
DA:216,0
DA:217,0
DA:219,0
DA:220,0
DA:221,0
DA:222,0
DA:224,0
DA:230,0
DA:239,0
DA:240,0
DA:241,0
DA:247,0
DA:248,0
DA:249,0
DA:251,0
DA:252,0
DA:253,0
DA:258,0
DA:259,0
DA:260,0
DA:262,0
DA:263,0
DA:264,0
DA:266,0
DA:270,0
DA:271,0
DA:278,0
DA:281,0
DA:282,0
DA:287,0
DA:288,0
LF:100
LH:0
BRDA:40,0,0,0
BRDA:40,0,1,0
BRDA:149,1,0,0
BRDA:149,1,1,0
BRDA:156,2,0,0
BRDA:219,3,0,0
BRDA:219,3,1,0
BRDA:222,4,0,0
BRDA:222,4,1,0
BRDA:262,5,0,0
BRDA:262,5,1,0
BRDA:264,6,0,0
BRDA:264,6,1,0
BRDA:270,7,0,0
BRF:14
BRH:0
end_of_record
TN:
SF:src\utils\armyParser.js
FN:4,(anonymous_0)
FN:14,(anonymous_1)
FN:37,(anonymous_2)
FN:53,(anonymous_3)
FN:66,(anonymous_4)
FN:70,(anonymous_5)
FN:102,(anonymous_6)
FN:104,(anonymous_7)
FN:119,(anonymous_8)
FN:133,(anonymous_9)
FN:159,(anonymous_10)
FN:170,(anonymous_11)
FN:183,(anonymous_12)
FN:200,(anonymous_13)
FNF:14
FNH:14
FNDA:15,(anonymous_0)
FNDA:6,(anonymous_1)
FNDA:3,(anonymous_2)
FNDA:3,(anonymous_3)
FNDA:3,(anonymous_4)
FNDA:7,(anonymous_5)
FNDA:1,(anonymous_6)
FNDA:1,(anonymous_7)
FNDA:2,(anonymous_8)
FNDA:10,(anonymous_9)
FNDA:9,(anonymous_10)
FNDA:6,(anonymous_11)
FNDA:3,(anonymous_12)
FNDA:1,(anonymous_13)
DA:4,1
DA:6,15
DA:7,6
DA:11,9
DA:14,1
DA:15,6
DA:16,6
DA:18,6
DA:19,2
DA:22,4
DA:23,4
DA:26,4
DA:29,4
DA:30,4
DA:31,1
DA:34,4
DA:37,4
DA:38,3
DA:39,3
DA:40,3
DA:41,3
DA:46,4
DA:53,1
DA:54,3
DA:65,3
DA:66,2
DA:67,3
DA:69,2
DA:70,2
DA:71,7
DA:73,2
DA:74,2
DA:75,2
DA:77,2
DA:78,2
DA:80,1
DA:81,1
DA:83,1
DA:84,1
DA:86,1
DA:87,1
DA:90,1
DA:92,1
DA:93,1
DA:94,1
DA:101,3
DA:102,1
DA:103,1
DA:104,1
DA:105,1
DA:106,1
DA:107,1
DA:108,1
DA:116,3
DA:119,1
DA:120,2
DA:132,2
DA:133,2
DA:134,10
DA:136,2
DA:137,2
DA:139,2
DA:140,2
DA:142,1
DA:143,1
DA:145,2
DA:146,2
DA:148,2
DA:149,2
DA:151,1
DA:152,1
DA:156,2
DA:159,1
DA:161,9
DA:162,1
DA:165,8
DA:166,1
DA:170,7
DA:171,6
DA:172,1
DA:176,5
DA:177,5
DA:178,5
DA:179,5
DA:180,5
DA:183,5
DA:184,3
DA:185,1
DA:187,2
DA:188,2
DA:189,2
DA:190,2
DA:191,2
DA:192,2
DA:193,2
DA:197,5
DA:200,1
DA:201,1
LF:98
LH:98
BRDA:6,0,0,6
BRDA:6,0,1,9
BRDA:16,1,0,6
BRDA:16,1,1,1
BRDA:18,2,0,2
BRDA:18,2,1,4
BRDA:23,3,0,4
BRDA:23,3,1,0
BRDA:26,4,0,4
BRDA:26,4,1,3
BRDA:30,5,0,1
BRDA:30,5,1,3
BRDA:30,6,0,4
BRDA:30,6,1,1
BRDA:31,7,0,1
BRDA:31,7,1,0
BRDA:38,8,0,3
BRDA:38,8,1,0
BRDA:38,9,0,3
BRDA:38,9,1,2
BRDA:40,10,0,3
BRDA:40,10,1,0
BRDA:55,11,0,3
BRDA:55,11,1,1
BRDA:56,12,0,3
BRDA:56,12,1,0
BRDA:58,13,0,3
BRDA:58,13,1,2
BRDA:65,14,0,2
BRDA:65,14,1,1
BRDA:67,15,0,2
BRDA:67,15,1,1
BRDA:69,16,0,2
BRDA:69,16,1,0
BRDA:71,17,0,2
BRDA:71,17,1,2
BRDA:71,17,2,1
BRDA:71,17,3,1
BRDA:71,17,4,1
BRDA:73,18,0,2
BRDA:73,18,1,1
BRDA:77,19,0,2
BRDA:77,19,1,0
BRDA:80,20,0,1
BRDA:80,20,1,0
BRDA:83,21,0,1
BRDA:83,21,1,0
BRDA:86,22,0,1
BRDA:86,22,1,0
BRDA:90,23,0,1
BRDA:90,23,1,0
BRDA:93,24,0,1
BRDA:93,24,1,0
BRDA:101,25,0,1
BRDA:101,25,1,2
BRDA:103,26,0,1
BRDA:103,26,1,0
BRDA:105,27,0,1
BRDA:105,27,1,0
BRDA:107,28,0,1
BRDA:107,28,1,0
BRDA:121,29,0,2
BRDA:121,29,1,0
BRDA:132,30,0,2
BRDA:132,30,1,0
BRDA:134,31,0,2
BRDA:134,31,1,2
BRDA:134,31,2,1
BRDA:134,31,3,2
BRDA:134,31,4,2
BRDA:134,31,5,1
BRDA:136,32,0,2
BRDA:136,32,1,0
BRDA:139,33,0,2
BRDA:139,33,1,0
BRDA:142,34,0,1
BRDA:142,34,1,0
BRDA:145,35,0,2
BRDA:145,35,1,0
BRDA:148,36,0,2
BRDA:148,36,1,1
BRDA:151,37,0,1
BRDA:151,37,1,0
BRDA:161,38,0,1
BRDA:161,38,1,8
BRDA:165,39,0,1
BRDA:165,39,1,7
BRDA:165,40,0,8
BRDA:165,40,1,7
BRDA:171,41,0,1
BRDA:171,41,1,5
BRDA:176,42,0,5
BRDA:176,42,1,4
BRDA:177,43,0,5
BRDA:177,43,1,4
BRDA:178,44,0,5
BRDA:178,44,1,4
BRDA:179,45,0,5
BRDA:179,45,1,5
BRDA:180,46,0,5
BRDA:180,46,1,1
BRDA:184,47,0,1
BRDA:184,47,1,2
BRDA:187,48,0,2
BRDA:187,48,1,1
BRDA:188,49,0,2
BRDA:188,49,1,1
BRDA:189,50,0,2
BRDA:189,50,1,2
BRDA:190,51,0,2
BRDA:190,51,1,2
BRDA:191,52,0,2
BRDA:191,52,1,2
BRDA:192,53,0,2
BRDA:192,53,1,2
BRDA:193,54,0,2
BRDA:193,54,1,2
BRF:117
BRH:95
end_of_record
